7896: 09:48:13.717 - ---
7896: 09:48:13.717 - Service: "Photon Socket Server" starting
7896: 09:48:13.718 - Config File: D:\Downloads\Photon Server\Photon-OnPremise-Server-SDK_v4-0-29-11263\deploy\bin_Win64\PhotonServer.config
7896: 09:48:13.727 - Will produce at most: 10 crash dumps
7896: 09:48:13.728 - Action: run as exe
7896: 09:48:13.730 - Server Starting...
7896: 09:48:13.730 -    Tick count: 133264718 (wraps in: 48.1679 days)
7896: 09:48:13.730 - Tick count 64: 133264718
7896: 09:48:13.731 - Photon Version: 4.0.28.2962
7896: 09:48:13.731 - PID: 2616
7896: 09:48:13.731 - Config File: D:\Downloads\Photon Server\Photon-OnPremise-Server-SDK_v4-0-29-11263\deploy\bin_Win64\PhotonServer.config
7896: 09:48:13.733 - Will NOT log unimportant exceptions
7896: 09:48:13.742 - Not using performance counters as they are not currently installed. Run the service with /InstallCounters to install them.
7896: 09:48:13.742 - Shutdown timeout enabled: 30000ms
7896: 09:48:13.744 - Starting I/O thread pool with 2 threads
7896: 09:48:13.744 - Using Standard allocator
7896: 09:48:13.744 - Max message size: 512000
7896: 09:48:13.746 - Starting business logic thread pool with the following settings
7896: 09:48:13.746 - InitialThreads: 4 threads
7896: 09:48:13.746 - MinThreads: 4 threads
7896: 09:48:13.746 - Thread pool is fixed size
7896: 09:48:13.747 - Starting ENet thread pool with the following settings
7896: 09:48:13.747 - InitialThreads: 2 threads
7896: 09:48:13.747 - MinThreads: 2 threads
7896: 09:48:13.747 - Thread pool is fixed size
7896: 09:48:13.747 - OnlyDispatchTimers: False
7896: 09:48:13.748 - S2S: flow control: Max pending writes: 50
7896: 09:48:13.748 - S2S: flow control: Max queued buffers: 200
7896: 09:48:13.748 - S2S: flow control: Max pending writes MUX: 500
7896: 09:48:13.748 - S2S: flow control: Max queued buffers MUX: 2000
7896: 09:48:13.748 - S2S: MaxInboundMessageSize: 512000
7896: 09:48:13.748 - S2S: MaxOutboundMessageSize: 512000
7896: 09:48:13.748 - S2S: No inactivity timeout
7896: 09:48:13.763 - WebSocket S2S: MaxInboundMessageSize: 512000
7896: 09:48:13.763 - WebSocket S2S: MaxOutboundMessageSize: 512000
7896: 09:48:13.763 - WebSocket S2S: No inactivity timeout
7896: 09:48:13.764 - Max Reliable Data In Transit (awaiting ACKs) per peer : 51200 bytes
7896: 09:48:13.764 - Per peer bandwidth limit
7896: 09:48:13.764 - Transmit Rate Limit: 256 KB/Sec
7896: 09:48:13.764 - Limit period: 200ms
7896: 09:48:13.764 - Limit per period: 52428 bytes
7896: 09:48:13.764 - Max queued data for transmission per peer: 512000 bytes
7896: 09:48:13.764 - Minimum retransmit timeout: 200
7896: 09:48:13.764 - No Maximum retransmit timeout
7896: 09:48:13.764 - Minimum ENet timeout: 5000ms
7896: 09:48:13.764 - Maximum ENet timeout: 30000ms
7896: 09:48:13.764 - Max Inbound Reliable Data Queued (awaiting resends of earlier sequence numbers) per peer : 163840 bytes
7896: 09:48:13.764 - No RTT ACK adjustment timeout
7896: 09:48:13.764 - Outbound ENet: MaxInboundMessageSize: 512000
7896: 09:48:13.764 - Outbound ENet: MaxOutboundMessageSize: 512000
7896: 09:48:13.779 - GetRuntime - About to load CLR - versions available:
7896: 09:48:13.779 - v2.0.50727
7896: 09:48:13.779 - v4.0.30319
7896: 09:48:13.779 - Configuration requests: "v2.0.50727"
7896: 09:48:13.779 - About to load version: "v2.0.50727"
7896: 09:48:13.837 - About to load runtime: PhotonHostRuntime.PhotonDomainManager from PhotonHostRuntime, Culture=neutral, PublicKeyToken=02C301B61B060C4D
7896: 09:48:13.837 - CLRBaseDirectory set to "D:\Downloads\Photon Server\Photon-OnPremise-Server-SDK_v4-0-29-11263\deploy"
7896: 09:48:13.837 - Optimising event broadcast for 20 or more peers
7896: 09:48:13.841 - Start: About to load CLR - versions available:
7896: 09:48:13.841 - v2.0.50727
7896: 09:48:13.841 - v4.0.30319
7896: 09:48:13.841 - No preference in configuration file, will load latest.
7896: 09:48:13.841 - About to load version: "v4.0.30319"
7896: 09:48:13.845 - Loaded version: "v4.0.30319"
7896: 09:48:14.420 - Photon host runtime loaded
7896: 09:48:17.812 - LICENSE: No license file was found. Starting with Bootstrap License.
7896: 09:48:17.813 - License is valid.
7896: 09:48:17.813 - Licensed for 20 concurrent connections.
7896: 09:48:17.813 - ENet: Max Reliable Data In Transit (awaiting ACKs) per peer : 51200 bytes
7896: 09:48:17.813 - ENet: Per peer bandwidth limit
7896: 09:48:17.814 - ENet: Transmit Rate Limit: 256 KB/Sec
7896: 09:48:17.814 - ENet: Limit period: 200ms
7896: 09:48:17.814 - ENet: Limit per period: 52428 bytes
7896: 09:48:17.814 - ENet: Max queued data for transmission per peer: 512000 bytes
7896: 09:48:17.814 - ENet: Minimum retransmit timeout: 200
7896: 09:48:17.814 - No Maximum retransmit timeout
7896: 09:48:17.814 - ENet: Minimum timeout: 5000ms
7896: 09:48:17.814 - ENet: Maximum timeout: 30000ms
7896: 09:48:17.814 - ENet: Max Inbound Reliable Data Queued (awaiting resends of earlier sequence numbers) per peer : 163840 bytes
7896: 09:48:17.814 - No RTT ACK adjustment timeout
7896: 09:48:17.814 - About to load application: Master from Photon.LoadBalancing
7896: 09:48:17.814 - Auto restart is enabled for application, existing connections will be terminated during restart
7896: 09:48:17.814 - Application will restart 1000ms after the last change detected
7896: 09:48:17.814 - Application will restart if files matching the following are changed: "dll;config"
7896: 09:48:17.814 - Application will NOT restart if files matching the following are changed: "log4net.config"
7896: 09:48:18.064 - Taking reference on default app domain
7896: 09:48:18.254 - Application: "Master" started in app domain: 2
7896: 09:48:18.255 - About to load application: Game from Photon.LoadBalancing
7896: 09:48:18.255 - Auto restart is enabled for application, existing connections will be terminated during restart
7896: 09:48:18.255 - Application will restart 1000ms after the last change detected
7896: 09:48:18.255 - Application will restart if files matching the following are changed: "dll;config"
7896: 09:48:18.255 - Application will NOT restart if files matching the following are changed: "log4net.config"
7896: 09:48:18.467 - Taking reference on default app domain
7896: 09:48:18.762 - Application: "Game" started in app domain: 3
7896: 09:48:18.762 - About to load application: CounterPublisher from CounterPublisher
7896: 09:48:18.762 - Auto restart is enabled for application, existing connections will be terminated during restart
7896: 09:48:18.762 - Application will restart 1000ms after the last change detected
7896: 09:48:18.762 - Application will restart if files matching the following are changed: "dll;config"
7896: 09:48:18.762 - Application will NOT restart if files matching the following are changed: "log4net.config"
7896: 09:48:19.066 - Taking reference on default app domain
7896: 09:48:19.182 - Application: "CounterPublisher" started in app domain: 4
7896: 09:48:19.183 - Adding TCP listener on: 0.0.0.0: 4530 with a listen backlog of: 150
7896: 09:48:19.183 - TCP inactivity timeout: 10000ms
7896: 09:48:19.183 - TCP disconnect timeout: 120000ms
7896: 09:48:19.183 - MaxInboundMessageSize: 512000
7896: 09:48:19.183 - MaxOutboundMessageSize: 512000
7896: 09:48:19.183 - Forcing all applications ids to: "Master"
7896: 09:48:19.184 - Serving policy file requests from: "D:\Downloads\Photon Server\Photon-OnPremise-Server-SDK_v4-0-29-11263\deploy\Policy\assets\socket-policy.xml"
7896: 09:48:19.184 - Adding TCP listener on: 0.0.0.0: 4531 with a listen backlog of: 150
7896: 09:48:19.184 - TCP inactivity timeout: 10000ms
7896: 09:48:19.184 - TCP disconnect timeout: 120000ms
7896: 09:48:19.184 - MaxInboundMessageSize: 512000
7896: 09:48:19.184 - MaxOutboundMessageSize: 512000
7896: 09:48:19.184 - Forcing all applications ids to: "Game"
7896: 09:48:19.184 - Serving policy file requests from: "D:\Downloads\Photon Server\Photon-OnPremise-Server-SDK_v4-0-29-11263\deploy\Policy\assets\socket-policy.xml"
7896: 09:48:19.185 - Adding TCP listener on: 0.0.0.0: 4520 with a listen backlog of: 150
7896: 09:48:19.185 - TCP inactivity timeout: 5000ms
7896: 09:48:19.185 - TCP disconnect timeout: 120000ms
7896: 09:48:19.185 - MaxInboundMessageSize: 512000
7896: 09:48:19.185 - MaxOutboundMessageSize: 512000
7896: 09:48:19.185 - Forcing all applications ids to: "Master"
7896: 09:48:19.185 - MaxInboundMessageSize: 512000
7896: 09:48:19.185 - MaxOutboundMessageSize: 512000
7896: 09:48:19.185 - UDP address specified as: "0.0.0.0" adding listener to each available IPv4 address
7896: 09:48:19.187 - Adding UDP listener on: 192.168.56.1: 5055 with a listen backlog of: 500
7896: 09:48:19.187 - Adding UDP listener on: 192.168.81.191: 5055 with a listen backlog of: 500
7896: 09:48:19.187 - Adding UDP listener on: 127.0.0.1: 5055 with a listen backlog of: 500
7896: 09:48:19.187 - Forcing all applications ids to: "Game"
7896: 09:48:19.187 - MaxInboundMessageSize: 512000
7896: 09:48:19.187 - MaxOutboundMessageSize: 512000
7896: 09:48:19.187 - UDP address specified as: "0.0.0.0" adding listener to each available IPv4 address
7896: 09:48:19.188 - Adding UDP listener on: 192.168.56.1: 5056 with a listen backlog of: 500
7896: 09:48:19.189 - Adding UDP listener on: 192.168.81.191: 5056 with a listen backlog of: 500
7896: 09:48:19.189 - Adding UDP listener on: 127.0.0.1: 5056 with a listen backlog of: 500
7896: 09:48:19.189 - Adding WebSocket TCP listener on: 0.0.0.0: 9090 with a listen backlog of: 150
7896: 09:48:19.189 - Nagle disabled
7896: 09:48:19.189 - TCP inactivity timeout: 10000ms
7896: 09:48:19.189 - MaxInboundMessageSize: 512000
7896: 09:48:19.189 - MaxOutboundMessageSize: 512000
7896: 09:48:19.189 - Forcing all applications ids to: "Master"
7896: 09:48:19.189 - Will accept ANY sub-protocols from the client
7896: 09:48:19.189 - No automatic WebSocket ping
7896: 09:48:19.190 - Adding WebSocket TCP listener on: 0.0.0.0: 9091 with a listen backlog of: 150
7896: 09:48:19.190 - Nagle disabled
7896: 09:48:19.190 - TCP inactivity timeout: 10000ms
7896: 09:48:19.190 - MaxInboundMessageSize: 512000
7896: 09:48:19.190 - MaxOutboundMessageSize: 512000
7896: 09:48:19.190 - Forcing all applications ids to: "Game"
7896: 09:48:19.190 - Will accept ANY sub-protocols from the client
7896: 09:48:19.190 - No automatic WebSocket ping
7896: 09:48:19.191 - Adding Policy File listener on: 0.0.0.0: 843 with a listen backlog of: 150 and serving Policy File: "D:\Downloads\Photon Server\Photon-OnPremise-Server-SDK_v4-0-29-11263\deploy\Policy\assets\socket-policy.xml"
7896: 09:48:19.191 - TCP inactivity timeout: 1000ms
7896: 09:48:19.192 - Adding Policy File listener on: 0.0.0.0: 943 with a listen backlog of: 150 and serving Policy File: "D:\Downloads\Photon Server\Photon-OnPremise-Server-SDK_v4-0-29-11263\deploy\Policy\assets\socket-policy-silverlight.xml"
7896: 09:48:19.192 - TCP inactivity timeout: 1000ms
7896: 09:48:19.319 - Service is running...
180: 09:48:24.713 - Restarting application: "Game" due to file changes
180: 09:48:24.713 - Application: "Game" restart request (abort existing connections)
180: 09:48:24.978 - Taking reference on default app domain
180: 09:48:25.248 - Application: "Game" started in app domain: 5
180: 09:48:26.780 - RequestApplicationStop: 3
180: 09:48:26.816 - Application: "Game" stopped in app domain: 3 (abort existing connections)
180: 09:48:26.816 - Application: "Game" restart complete.
8104: 09:48:26.816 - CManagedHost::OnDefaultAction() - OPR_AppDomainUnload - eUnloadAppDomain
13212: 09:48:26.863 - Unloading Domain: ApplicationName = 'Game', DomainId='3'
8104: 09:48:26.865 - CManagedHost::OnDomainUnload() - 3
180: 09:48:27.254 - Restarting application: "Game" due to file changes
180: 09:48:27.254 - Application: "Game" restart request (abort existing connections)
180: 09:48:27.448 - Taking reference on default app domain
180: 09:48:27.685 - Application: "Game" started in app domain: 6
180: 09:48:29.305 - RequestApplicationStop: 5
180: 09:48:29.321 - Application: "Game" stopped in app domain: 5 (abort existing connections)
180: 09:48:29.321 - Application: "Game" restart complete.
8104: 09:48:29.336 - CManagedHost::OnDefaultAction() - OPR_AppDomainUnload - eUnloadAppDomain
13212: 09:48:29.377 - Unloading Domain: ApplicationName = 'Game', DomainId='5'
8104: 09:48:29.377 - CManagedHost::OnDomainUnload() - 5
180: 10:14:47.083 - Restarting application: "Game" due to file changes
180: 10:14:47.083 - Application: "Game" restart request (abort existing connections)
180: 10:14:47.387 - Taking reference on default app domain
180: 10:14:47.724 - Application: "Game" started in app domain: 7
180: 10:14:49.715 - RequestApplicationStop: 6
180: 10:14:49.730 - Application: "Game" stopped in app domain: 6 (abort existing connections)
180: 10:14:49.730 - Application: "Game" restart complete.
8104: 10:14:49.744 - CManagedHost::OnDefaultAction() - OPR_AppDomainUnload - eUnloadAppDomain
13212: 10:14:49.778 - Unloading Domain: ApplicationName = 'Game', DomainId='6'
8104: 10:14:49.779 - CManagedHost::OnDomainUnload() - 6
180: 10:18:42.005 - Restarting application: "Game" due to file changes
180: 10:18:42.005 - Application: "Game" restart request (abort existing connections)
180: 10:18:42.218 - Taking reference on default app domain
180: 10:18:42.475 - Application: "Game" started in app domain: 8
180: 10:18:44.163 - RequestApplicationStop: 7
180: 10:18:44.178 - Application: "Game" stopped in app domain: 7 (abort existing connections)
180: 10:18:44.178 - Application: "Game" restart complete.
8104: 10:18:44.197 - CManagedHost::OnDefaultAction() - OPR_AppDomainUnload - eUnloadAppDomain
13212: 10:18:44.236 - Unloading Domain: ApplicationName = 'Game', DomainId='7'
8104: 10:18:44.237 - CManagedHost::OnDomainUnload() - 7
