11004: 09:53:41.537 - ---
11004: 09:53:41.537 - Service: "Photon Socket Server" starting
11004: 09:53:41.537 - Config File: C:\Users\Guillaume\Desktop\Photon Server\Photon-OnPremise-Server-SDK_v4-0-29-11263\deploy\bin_Win64\PhotonServer.config
11004: 09:53:41.539 - Will produce at most: 10 crash dumps
11004: 09:53:41.539 - Action: run as exe
11004: 09:53:41.539 - Server Starting...
11004: 09:53:41.539 -    Tick count: 810250 (wraps in: 49.7009 days)
11004: 09:53:41.539 - Tick count 64: 810250
11004: 09:53:41.540 - Photon Version: 4.0.28.2962
11004: 09:53:41.540 - PID: 7672
11004: 09:53:41.540 - Config File: C:\Users\Guillaume\Desktop\Photon Server\Photon-OnPremise-Server-SDK_v4-0-29-11263\deploy\bin_Win64\PhotonServer.config
11004: 09:53:41.540 - Will NOT log unimportant exceptions
11004: 09:53:41.542 - Not using performance counters as they are not currently installed. Run the service with /InstallCounters to install them.
11004: 09:53:41.542 - Shutdown timeout enabled: 30000ms
11004: 09:53:41.542 - Starting I/O thread pool with 2 threads
11004: 09:53:41.542 - Using Standard allocator
11004: 09:53:41.542 - Max message size: 512000
11004: 09:53:41.542 - Starting business logic thread pool with the following settings
11004: 09:53:41.542 - InitialThreads: 4 threads
11004: 09:53:41.542 - MinThreads: 4 threads
11004: 09:53:41.542 - Thread pool is fixed size
11004: 09:53:41.542 - Starting ENet thread pool with the following settings
11004: 09:53:41.542 - InitialThreads: 2 threads
11004: 09:53:41.542 - MinThreads: 2 threads
11004: 09:53:41.542 - Thread pool is fixed size
11004: 09:53:41.542 - OnlyDispatchTimers: False
11004: 09:53:41.542 - S2S: flow control: Max pending writes: 50
11004: 09:53:41.542 - S2S: flow control: Max queued buffers: 200
11004: 09:53:41.542 - S2S: flow control: Max pending writes MUX: 500
11004: 09:53:41.542 - S2S: flow control: Max queued buffers MUX: 2000
11004: 09:53:41.542 - S2S: MaxInboundMessageSize: 512000
11004: 09:53:41.542 - S2S: MaxOutboundMessageSize: 512000
11004: 09:53:41.542 - S2S: No inactivity timeout
11004: 09:53:41.544 - WebSocket S2S: MaxInboundMessageSize: 512000
11004: 09:53:41.544 - WebSocket S2S: MaxOutboundMessageSize: 512000
11004: 09:53:41.544 - WebSocket S2S: No inactivity timeout
11004: 09:53:41.544 - Max Reliable Data In Transit (awaiting ACKs) per peer : 51200 bytes
11004: 09:53:41.544 - Per peer bandwidth limit
11004: 09:53:41.544 - Transmit Rate Limit: 256 KB/Sec
11004: 09:53:41.544 - Limit period: 200ms
11004: 09:53:41.544 - Limit per period: 52428 bytes
11004: 09:53:41.544 - Max queued data for transmission per peer: 512000 bytes
11004: 09:53:41.544 - Minimum retransmit timeout: 200
11004: 09:53:41.544 - No Maximum retransmit timeout
11004: 09:53:41.544 - Minimum ENet timeout: 5000ms
11004: 09:53:41.544 - Maximum ENet timeout: 30000ms
11004: 09:53:41.544 - Max Inbound Reliable Data Queued (awaiting resends of earlier sequence numbers) per peer : 163840 bytes
11004: 09:53:41.544 - No RTT ACK adjustment timeout
11004: 09:53:41.544 - Outbound ENet: MaxInboundMessageSize: 512000
11004: 09:53:41.544 - Outbound ENet: MaxOutboundMessageSize: 512000
11004: 09:53:41.562 - GetRuntime - About to load CLR - versions available:
11004: 09:53:41.562 - v2.0.50727
11004: 09:53:41.562 - v4.0.30319
11004: 09:53:41.562 - Configuration requests: "v2.0.50727"
11004: 09:53:41.562 - About to load version: "v2.0.50727"
11004: 09:53:41.601 - About to load runtime: PhotonHostRuntime.PhotonDomainManager from PhotonHostRuntime, Culture=neutral, PublicKeyToken=02C301B61B060C4D
11004: 09:53:41.601 - CLRBaseDirectory set to "C:\Users\Guillaume\Desktop\Photon Server\Photon-OnPremise-Server-SDK_v4-0-29-11263\deploy"
11004: 09:53:41.601 - Optimising event broadcast for 20 or more peers
11004: 09:53:41.601 - Start: About to load CLR - versions available:
11004: 09:53:41.601 - v2.0.50727
11004: 09:53:41.601 - v4.0.30319
11004: 09:53:41.601 - No preference in configuration file, will load latest.
11004: 09:53:41.601 - About to load version: "v4.0.30319"
11004: 09:53:41.602 - Loaded version: "v4.0.30319"
11004: 09:53:41.922 - Photon host runtime loaded
11004: 09:53:43.813 - LICENSE: No license file was found. Starting with Bootstrap License.
11004: 09:53:43.813 - License is valid.
11004: 09:53:43.813 - Licensed for 20 concurrent connections.
11004: 09:53:43.813 - ENet: Max Reliable Data In Transit (awaiting ACKs) per peer : 51200 bytes
11004: 09:53:43.813 - ENet: Per peer bandwidth limit
11004: 09:53:43.813 - ENet: Transmit Rate Limit: 256 KB/Sec
11004: 09:53:43.813 - ENet: Limit period: 200ms
11004: 09:53:43.813 - ENet: Limit per period: 52428 bytes
11004: 09:53:43.813 - ENet: Max queued data for transmission per peer: 512000 bytes
11004: 09:53:43.813 - ENet: Minimum retransmit timeout: 200
11004: 09:53:43.813 - No Maximum retransmit timeout
11004: 09:53:43.813 - ENet: Minimum timeout: 5000ms
11004: 09:53:43.813 - ENet: Maximum timeout: 30000ms
11004: 09:53:43.813 - ENet: Max Inbound Reliable Data Queued (awaiting resends of earlier sequence numbers) per peer : 163840 bytes
11004: 09:53:43.813 - No RTT ACK adjustment timeout
11004: 09:53:43.813 - About to load application: MMoDemo from Photon.MmoDemo.Server
11004: 09:53:43.813 - Auto restart is enabled for application, existing connections will be terminated during restart
11004: 09:53:43.813 - Application will restart 1000ms after the last change detected
11004: 09:53:43.813 - Application will restart if files matching the following are changed: "dll;config"
11004: 09:53:43.813 - Application will NOT restart if files matching the following are changed: "log4net.config"
11004: 09:53:44.161 - CService::OnException() - Exception: CManagedHost::CreateApplicationInNewAppDomain() - Failed to create new application domain for : "MMoDemo" - Can't find Photon.MmoDemo.Server.dll in  or C:\Users\Guillaume\Desktop\Photon Server\Photon-OnPremise-Server-SDK_v4-0-29-11263\deploy\MmoDemo\bin
11004: 09:53:44.161 - Server shutting down...
11004: 09:53:44.161 - Shutdown monitoring enabled, 30000ms before process abort
11004: 09:53:44.236 - Notifying CLR applications of shutdown...
11004: 09:53:44.236 - RequestStop: defalt app domain
11004: 09:53:44.240 - Shutting down WebSocket Outbound Connection Manager...
11004: 09:53:44.289 - Shutting down TCP Outbound Connection Manager...
11004: 09:53:44.300 - Shutting down ENet Outbound Connection Manager...
11004: 09:53:44.300 - Disconnecting all outbound peers...
11004: 09:53:44.301 - Shutting down ENet host...
11004: 09:53:44.301 - Disconnecting all peers...
11004: 09:53:44.301 - Shutting down socket servers...
11004: 09:53:44.301 - Shutting down ENet thread pool...
11004: 09:53:44.301 - Shutting down TCP inactivity timers...
11004: 09:53:44.302 - Shutting down CLR applications...
11004: 09:53:44.302 - Shutting down business logic thread pool...
11004: 09:53:44.302 - Shutting down I/O thread pool...
11004: 09:53:44.302 - Destroying servers
11004: 09:53:44.302 - Destroying WebSocket Outbound Connection Manager
11004: 09:53:44.308 - Destroying TCP Outbound Connection Manager
11004: 09:53:44.308 - Destroying TCP inactivity timer
11004: 09:53:44.308 - Destroying ENet timer wheel
11004: 09:53:44.308 - Destroying ENet host
11004: 09:53:44.308 - Destroying ENet outbound host
11004: 09:53:44.308 - Destroying HTTP inactivity timer
11004: 09:53:44.308 - Destroying HTTP host
11004: 09:53:44.308 - Destroying HTTP Chunk host
11004: 09:53:44.308 - Flushing ENET buffer allocator...
11004: 09:53:44.308 - Flushing TCP buffer handle allocator...
11004: 09:53:44.308 - Flushing stream socket allocator...
11004: 09:53:44.308 - Flushing inbound datagram socket allocator...
11004: 09:53:44.308 - Flushing outbound datagram socket allocator...
11004: 09:53:44.308 - Destroying CLR dispatcher
11004: 09:53:44.308 - Destroying CLR applications
11004: 09:53:44.309 - ~CCLRApplicationCollection() - Waiting up to 10 seconds for the CLR to release all of our objects
11004: 09:53:44.309 - ~CCLRApplicationCollection() - Done. All objects released
11004: 09:53:44.309 - ~CManagedHost() - Release default app domain
11004: 09:53:44.309 - CManagedHost::OnDomainUnload() - 1
11004: 09:53:44.309 - ~CManagedHost() - Waiting up to 10 seconds for CLR shutdown...
11004: 09:53:44.309 - ~CManagedHost
11004: 09:53:44.357 - Destroying ENet thread pool
11004: 09:53:44.357 - Destroying Business logic thread pool
11004: 09:53:44.357 - Destroying I/O thread pool
11004: 09:53:44.357 - Destroying ENet buffer allocator
11004: 09:53:44.357 - Destroying TCP buffer allocator
11004: 09:53:44.357 - Destroying TCP socket allocator
11004: 09:53:44.357 - Destroying ENet inbound socket allocator
11004: 09:53:44.357 - Destroying ENet outbound socket allocator
11004: 09:53:44.357 - Destroying shared datagram flow control data
11004: 09:53:44.615 - Shutdown complete...
11004: 09:53:44.615 - Service shutting down
11004: 09:53:44.664 - Service shut down complete
