2017-03-26 18:41:09,194 [ 1] INFO  PhotonHostRuntime.PhotonDomainManager - Initialize: ApplicationName = 'DefaultDomain', DomainID = '1'
2017-03-26 18:41:09,213 [ 1] INFO  PhotonHostRuntime.PhotonDomainManager - AppDomains with unhandled exceptions are usually not unloaded and restarted.
2017-03-26 18:41:09,215 [ 1] INFO  PhotonHostRuntime.PhotonDomainManager - Getting license information:
2017-03-26 18:41:09,698 [ 1] INFO  PhotonHostRuntime.PhotonLicensing - LICENSE: No license file was found - starting with Bootstrap License.
2017-03-26 18:41:09,698 [ 1] INFO  PhotonHostRuntime.PhotonLicensing - LICENSE: Expiration: never; floating license: no; max connections: 20; valid IPs: any
2017-03-26 18:41:10,989 [ 1] INFO  PhotonHostRuntime.PhotonDomainManager - CreateAppDomain: name = 'Master' , assemblyName = 'Photon.LoadBalancing'
2017-03-26 18:41:10,991 [ 1] INFO  PhotonHostRuntime.PhotonDomainManager -   ApplicationBase = 'D:\Downloads\Photon Server\Photon-OnPremise-Server-SDK_v4-0-29-11263\deploy'
2017-03-26 18:41:10,991 [ 1] INFO  PhotonHostRuntime.PhotonDomainManager -   PrivateBinPath = 'D:\Downloads\Photon Server\Photon-OnPremise-Server-SDK_v4-0-29-11263\deploy\LoadBalancing\Master\bin;bin_Win64;Shared;'
2017-03-26 18:41:10,991 [ 1] INFO  PhotonHostRuntime.PhotonDomainManager -   ConfigurationFile = 'D:\Downloads\Photon Server\Photon-OnPremise-Server-SDK_v4-0-29-11263\deploy\LoadBalancing\Master\bin\Photon.LoadBalancing.dll.config'
2017-03-26 18:41:10,991 [ 1] INFO  PhotonHostRuntime.PhotonDomainManager -   CachePath = 'D:\Downloads\Photon Server\Photon-OnPremise-Server-SDK_v4-0-29-11263\deploy\LoadBalancing\Master\bin\Cache'
2017-03-26 18:41:11,065 [ 1] INFO  PhotonHostRuntime.PhotonDomainManager -   ApplicationPath = 'D:\Downloads\Photon Server\Photon-OnPremise-Server-SDK_v4-0-29-11263\deploy\LoadBalancing\Master'
2017-03-26 18:41:11,066 [ 1] INFO  PhotonHostRuntime.PhotonDomainManager -   BinaryPath = 'D:\Downloads\Photon Server\Photon-OnPremise-Server-SDK_v4-0-29-11263\deploy\LoadBalancing\Master\bin'
2017-03-26 18:41:11,066 [ 1] INFO  PhotonHostRuntime.PhotonDomainManager -   ApplicationRootPath = 'D:\Downloads\Photon Server\Photon-OnPremise-Server-SDK_v4-0-29-11263\deploy'
2017-03-26 18:41:11,066 [ 1] INFO  PhotonHostRuntime.PhotonDomainManager -   UnmanagedLogPath = 'D:\Downloads\Photon Server\Photon-OnPremise-Server-SDK_v4-0-29-11263\deploy\bin_Win64\log'
2017-03-26 18:41:11,079 [ 1] INFO  PhotonHostRuntime.PhotonDomainManager - AssemblyLoadEvent: Photon.LoadBalancing, Version=4.0.28.11221, Culture=neutral, PublicKeyToken=null from file:///D:/Downloads/Photon Server/Photon-OnPremise-Server-SDK_v4-0-29-11263/deploy/LoadBalancing/Master/bin/Photon.LoadBalancing.DLL
2017-03-26 18:41:11,079 [ 1] INFO  PhotonHostRuntime.PhotonDomainManager - Photon SDK:4.0.28.11245
2017-03-26 18:41:11,090 [ 1] INFO  PhotonHostRuntime.PhotonDomainManager - AssemblyLoadEvent: Photon.SocketServer, Version=4.0.28.11245, Culture=neutral, PublicKeyToken=48c2fa3b6988090e from file:///D:/Downloads/Photon Server/Photon-OnPremise-Server-SDK_v4-0-29-11263/deploy/LoadBalancing/Master/bin/Photon.SocketServer.DLL
2017-03-26 18:41:11,101 [ 1] INFO  PhotonHostRuntime.PhotonDomainManager - AssemblyLoadEvent: ExitGamesLibs, Version=1.0.4.0, Culture=neutral, PublicKeyToken=eac0edd9746a4aa0 from file:///D:/Downloads/Photon Server/Photon-OnPremise-Server-SDK_v4-0-29-11263/deploy/LoadBalancing/Master/bin/ExitGamesLibs.DLL
2017-03-26 18:41:11,126 [ 1] INFO  PhotonHostRuntime.PhotonDomainManager - Starting: name = 'Master', assemblyName = 'Photon.LoadBalancing', typeName = 'Photon.LoadBalancing.MasterServer.MasterApplication'
2017-03-26 18:41:11,127 [ 1] INFO  PhotonHostRuntime.PhotonDomainManager - CreateAppDomain: name = 'Game' , assemblyName = 'Photon.LoadBalancing'
2017-03-26 18:41:11,127 [ 1] INFO  PhotonHostRuntime.PhotonDomainManager -   ApplicationBase = 'D:\Downloads\Photon Server\Photon-OnPremise-Server-SDK_v4-0-29-11263\deploy'
2017-03-26 18:41:11,127 [ 1] INFO  PhotonHostRuntime.PhotonDomainManager -   PrivateBinPath = 'D:\Downloads\Photon Server\Photon-OnPremise-Server-SDK_v4-0-29-11263\deploy\LoadBalancing\GameServer\bin;bin_Win64;Shared;'
2017-03-26 18:41:11,128 [ 1] INFO  PhotonHostRuntime.PhotonDomainManager -   ConfigurationFile = 'D:\Downloads\Photon Server\Photon-OnPremise-Server-SDK_v4-0-29-11263\deploy\LoadBalancing\GameServer\bin\Photon.LoadBalancing.dll.config'
2017-03-26 18:41:11,128 [ 1] INFO  PhotonHostRuntime.PhotonDomainManager -   CachePath = 'D:\Downloads\Photon Server\Photon-OnPremise-Server-SDK_v4-0-29-11263\deploy\LoadBalancing\GameServer\bin\Cache'
2017-03-26 18:41:11,193 [ 1] INFO  PhotonHostRuntime.PhotonDomainManager -   ApplicationPath = 'D:\Downloads\Photon Server\Photon-OnPremise-Server-SDK_v4-0-29-11263\deploy\LoadBalancing\GameServer'
2017-03-26 18:41:11,193 [ 1] INFO  PhotonHostRuntime.PhotonDomainManager -   BinaryPath = 'D:\Downloads\Photon Server\Photon-OnPremise-Server-SDK_v4-0-29-11263\deploy\LoadBalancing\GameServer\bin'
2017-03-26 18:41:11,194 [ 1] INFO  PhotonHostRuntime.PhotonDomainManager -   ApplicationRootPath = 'D:\Downloads\Photon Server\Photon-OnPremise-Server-SDK_v4-0-29-11263\deploy'
2017-03-26 18:41:11,194 [ 1] INFO  PhotonHostRuntime.PhotonDomainManager -   UnmanagedLogPath = 'D:\Downloads\Photon Server\Photon-OnPremise-Server-SDK_v4-0-29-11263\deploy\bin_Win64\log'
2017-03-26 18:41:11,211 [ 1] INFO  PhotonHostRuntime.PhotonDomainManager - AssemblyLoadEvent: Photon.LoadBalancing, Version=4.0.28.11221, Culture=neutral, PublicKeyToken=null from file:///D:/Downloads/Photon Server/Photon-OnPremise-Server-SDK_v4-0-29-11263/deploy/LoadBalancing/GameServer/bin/Photon.LoadBalancing.DLL
2017-03-26 18:41:11,212 [ 1] INFO  PhotonHostRuntime.PhotonDomainManager - Photon SDK:4.0.28.11245
2017-03-26 18:41:11,224 [ 1] INFO  PhotonHostRuntime.PhotonDomainManager - AssemblyLoadEvent: Photon.SocketServer, Version=4.0.28.11245, Culture=neutral, PublicKeyToken=48c2fa3b6988090e from file:///D:/Downloads/Photon Server/Photon-OnPremise-Server-SDK_v4-0-29-11263/deploy/LoadBalancing/GameServer/bin/Photon.SocketServer.DLL
2017-03-26 18:41:11,235 [ 1] INFO  PhotonHostRuntime.PhotonDomainManager - AssemblyLoadEvent: Photon.Common, Version=4.0.28.11221, Culture=neutral, PublicKeyToken=null from file:///D:/Downloads/Photon Server/Photon-OnPremise-Server-SDK_v4-0-29-11263/deploy/LoadBalancing/GameServer/bin/Photon.Common.DLL
2017-03-26 18:41:11,247 [ 1] INFO  PhotonHostRuntime.PhotonDomainManager - AssemblyLoadEvent: ExitGamesLibs, Version=1.0.4.0, Culture=neutral, PublicKeyToken=eac0edd9746a4aa0 from file:///D:/Downloads/Photon Server/Photon-OnPremise-Server-SDK_v4-0-29-11263/deploy/LoadBalancing/GameServer/bin/ExitGamesLibs.DLL
2017-03-26 18:41:11,261 [ 1] INFO  PhotonHostRuntime.PhotonDomainManager - AssemblyLoadEvent: PhotonHive, Version=4.0.28.11221, Culture=neutral, PublicKeyToken=null from file:///D:/Downloads/Photon Server/Photon-OnPremise-Server-SDK_v4-0-29-11263/deploy/LoadBalancing/GameServer/bin/PhotonHive.DLL
2017-03-26 18:41:11,301 [ 1] INFO  PhotonHostRuntime.PhotonDomainManager - Starting: name = 'Game', assemblyName = 'Photon.LoadBalancing', typeName = 'Photon.LoadBalancing.GameServer.GameApplication'
2017-03-26 18:41:11,301 [ 1] INFO  PhotonHostRuntime.PhotonDomainManager - CreateAppDomain: name = 'CounterPublisher' , assemblyName = 'CounterPublisher'
2017-03-26 18:41:11,302 [ 1] INFO  PhotonHostRuntime.PhotonDomainManager -   ApplicationBase = 'D:\Downloads\Photon Server\Photon-OnPremise-Server-SDK_v4-0-29-11263\deploy'
2017-03-26 18:41:11,302 [ 1] INFO  PhotonHostRuntime.PhotonDomainManager -   PrivateBinPath = 'D:\Downloads\Photon Server\Photon-OnPremise-Server-SDK_v4-0-29-11263\deploy\CounterPublisher\bin;bin_Win64;Shared;'
2017-03-26 18:41:11,302 [ 1] INFO  PhotonHostRuntime.PhotonDomainManager -   ConfigurationFile = 'D:\Downloads\Photon Server\Photon-OnPremise-Server-SDK_v4-0-29-11263\deploy\CounterPublisher\bin\CounterPublisher.dll.config'
2017-03-26 18:41:11,302 [ 1] INFO  PhotonHostRuntime.PhotonDomainManager -   CachePath = 'D:\Downloads\Photon Server\Photon-OnPremise-Server-SDK_v4-0-29-11263\deploy\CounterPublisher\bin\Cache'
2017-03-26 18:41:11,363 [ 1] INFO  PhotonHostRuntime.PhotonDomainManager -   ApplicationPath = 'D:\Downloads\Photon Server\Photon-OnPremise-Server-SDK_v4-0-29-11263\deploy\CounterPublisher'
2017-03-26 18:41:11,364 [ 1] INFO  PhotonHostRuntime.PhotonDomainManager -   BinaryPath = 'D:\Downloads\Photon Server\Photon-OnPremise-Server-SDK_v4-0-29-11263\deploy\CounterPublisher\bin'
2017-03-26 18:41:11,364 [ 1] INFO  PhotonHostRuntime.PhotonDomainManager -   ApplicationRootPath = 'D:\Downloads\Photon Server\Photon-OnPremise-Server-SDK_v4-0-29-11263\deploy'
2017-03-26 18:41:11,364 [ 1] INFO  PhotonHostRuntime.PhotonDomainManager -   UnmanagedLogPath = 'D:\Downloads\Photon Server\Photon-OnPremise-Server-SDK_v4-0-29-11263\deploy\bin_Win64\log'
2017-03-26 18:41:11,374 [ 1] INFO  PhotonHostRuntime.PhotonDomainManager - AssemblyLoadEvent: CounterPublisher, Version=4.0.28.11221, Culture=neutral, PublicKeyToken=null from file:///D:/Downloads/Photon Server/Photon-OnPremise-Server-SDK_v4-0-29-11263/deploy/CounterPublisher/bin/CounterPublisher.DLL
2017-03-26 18:41:11,375 [ 1] INFO  PhotonHostRuntime.PhotonDomainManager - Photon SDK:4.0.28.11245
2017-03-26 18:41:11,386 [ 1] INFO  PhotonHostRuntime.PhotonDomainManager - AssemblyLoadEvent: Photon.SocketServer, Version=4.0.28.11245, Culture=neutral, PublicKeyToken=48c2fa3b6988090e from file:///D:/Downloads/Photon Server/Photon-OnPremise-Server-SDK_v4-0-29-11263/deploy/CounterPublisher/bin/Photon.SocketServer.DLL
2017-03-26 18:41:11,399 [ 1] INFO  PhotonHostRuntime.PhotonDomainManager - AssemblyLoadEvent: ExitGamesLibs, Version=1.0.4.0, Culture=neutral, PublicKeyToken=eac0edd9746a4aa0 from file:///D:/Downloads/Photon Server/Photon-OnPremise-Server-SDK_v4-0-29-11263/deploy/CounterPublisher/bin/ExitGamesLibs.DLL
2017-03-26 18:41:11,404 [ 1] INFO  PhotonHostRuntime.PhotonDomainManager - Starting: name = 'CounterPublisher', assemblyName = 'CounterPublisher', typeName = 'Photon.CounterPublisher.Application'
2017-03-26 18:41:11,450 [ 1] INFO  PhotonHostRuntime.PhotonDomainManager - PhotonRunning: ApplicationName = 'CounterPublisher', DomainId='4' -- calling Application.Setup
2017-03-26 18:41:11,458 [ 1] INFO  PhotonHostRuntime.PhotonDomainManager - AssemblyLoadEvent: ExitGames.Logging.Log4Net, Version=1.0.4.0, Culture=neutral, PublicKeyToken=eac0edd9746a4aa0 from file:///D:/Downloads/Photon Server/Photon-OnPremise-Server-SDK_v4-0-29-11263/deploy/CounterPublisher/bin/ExitGames.Logging.Log4Net.DLL
2017-03-26 18:41:12,378 [ 1] INFO  PhotonHostRuntime.PhotonDomainManager - PhotonRunning: ApplicationName = 'Game', DomainId='3' -- calling Application.Setup
2017-03-26 18:41:12,390 [ 1] INFO  PhotonHostRuntime.PhotonDomainManager - AssemblyLoadEvent: ExitGames.Logging.Log4Net, Version=1.0.4.0, Culture=neutral, PublicKeyToken=eac0edd9746a4aa0 from file:///D:/Downloads/Photon Server/Photon-OnPremise-Server-SDK_v4-0-29-11263/deploy/LoadBalancing/GameServer/bin/ExitGames.Logging.Log4Net.DLL
2017-03-26 18:41:13,164 [ 1] INFO  PhotonHostRuntime.PhotonDomainManager - AssemblyLoadEvent: PhotonHivePlugin, Version=1.0.15.11060, Culture=neutral, PublicKeyToken=null from file:///D:/Downloads/Photon Server/Photon-OnPremise-Server-SDK_v4-0-29-11263/deploy/LoadBalancing/GameServer/bin/PhotonHivePlugin.DLL
2017-03-26 18:41:13,206 [ 1] INFO  PhotonHostRuntime.PhotonDomainManager - PhotonRunning: ApplicationName = 'Master', DomainId='2' -- calling Application.Setup
2017-03-26 18:41:13,216 [ 1] INFO  PhotonHostRuntime.PhotonDomainManager - AssemblyLoadEvent: Photon.Common, Version=4.0.28.11221, Culture=neutral, PublicKeyToken=null from file:///D:/Downloads/Photon Server/Photon-OnPremise-Server-SDK_v4-0-29-11263/deploy/LoadBalancing/Master/bin/Photon.Common.DLL
2017-03-26 18:41:13,228 [ 1] INFO  PhotonHostRuntime.PhotonDomainManager - AssemblyLoadEvent: ExitGames.Logging.Log4Net, Version=1.0.4.0, Culture=neutral, PublicKeyToken=eac0edd9746a4aa0 from file:///D:/Downloads/Photon Server/Photon-OnPremise-Server-SDK_v4-0-29-11263/deploy/LoadBalancing/Master/bin/ExitGames.Logging.Log4Net.DLL
2017-03-26 18:41:13,741 [ 1] INFO  PhotonHostRuntime.PhotonDomainManager - AssemblyLoadEvent: PhotonHive, Version=4.0.28.11221, Culture=neutral, PublicKeyToken=null from file:///D:/Downloads/Photon Server/Photon-OnPremise-Server-SDK_v4-0-29-11263/deploy/LoadBalancing/Master/bin/PhotonHive.DLL
2017-03-26 18:41:13,785 [ 1] INFO  PhotonHostRuntime.PhotonDomainManager - AssemblyLoadEvent: ServiceStack.Redis, Version=3.9.71.0, Culture=neutral, PublicKeyToken=null from file:///D:/Downloads/Photon Server/Photon-OnPremise-Server-SDK_v4-0-29-11263/deploy/LoadBalancing/Master/bin/ServiceStack.Redis.DLL
2017-03-26 18:41:13,794 [ 1] INFO  PhotonHostRuntime.PhotonDomainManager - AssemblyLoadEvent: ServiceStack.Interfaces, Version=1.0.0.0, Culture=neutral, PublicKeyToken=null from file:///D:/Downloads/Photon Server/Photon-OnPremise-Server-SDK_v4-0-29-11263/deploy/LoadBalancing/Master/bin/ServiceStack.Interfaces.DLL
2017-03-26 18:41:13,820 [ 1] INFO  PhotonHostRuntime.PhotonDomainManager - AssemblyLoadEvent: System.Web, Version=4.0.0.0, Culture=neutral, PublicKeyToken=b03f5f7f11d50a3a from file:///C:/Windows/Microsoft.Net/assembly/GAC_64/System.Web/v4.0_4.0.0.0__b03f5f7f11d50a3a/System.Web.dll
2017-03-26 18:41:13,866 [ 1] INFO  PhotonHostRuntime.PhotonDomainManager - PhotonRunning: ApplicationName = 'DefaultDomain', DomainId='1'
2017-03-26 18:41:13,906 [15] INFO  PhotonHostRuntime.PhotonDomainManager - AssemblyLoadEvent: PhotonHivePlugin, Version=1.0.15.11060, Culture=neutral, PublicKeyToken=null from file:///D:/Downloads/Photon Server/Photon-OnPremise-Server-SDK_v4-0-29-11263/deploy/LoadBalancing/Master/bin/PhotonHivePlugin.DLL
2017-03-27 16:10:01,216 [ 1] INFO  PhotonHostRuntime.PhotonDomainManager - Initialize: ApplicationName = 'DefaultDomain', DomainID = '1'
2017-03-27 16:10:01,261 [ 1] INFO  PhotonHostRuntime.PhotonDomainManager - AppDomains with unhandled exceptions are usually not unloaded and restarted.
2017-03-27 16:10:01,267 [ 1] INFO  PhotonHostRuntime.PhotonDomainManager - Getting license information:
2017-03-27 16:10:02,209 [ 1] INFO  PhotonHostRuntime.PhotonLicensing - LICENSE: No license file was found - starting with Bootstrap License.
2017-03-27 16:10:02,216 [ 1] INFO  PhotonHostRuntime.PhotonLicensing - LICENSE: Expiration: never; floating license: no; max connections: 20; valid IPs: any
2017-03-27 16:10:03,465 [ 1] INFO  PhotonHostRuntime.PhotonDomainManager - CreateAppDomain: name = 'Master' , assemblyName = 'Photon.LoadBalancing'
2017-03-27 16:10:03,470 [ 1] INFO  PhotonHostRuntime.PhotonDomainManager -   ApplicationBase = 'C:\Users\Guillaume\Desktop\Photon Server\Photon-OnPremise-Server-SDK_v4-0-29-11263\deploy'
2017-03-27 16:10:03,493 [ 1] INFO  PhotonHostRuntime.PhotonDomainManager -   PrivateBinPath = 'C:\Users\Guillaume\Desktop\Photon Server\Photon-OnPremise-Server-SDK_v4-0-29-11263\deploy\LoadBalancing\Master\bin;bin_Win64;Shared;'
2017-03-27 16:10:03,497 [ 1] INFO  PhotonHostRuntime.PhotonDomainManager -   ConfigurationFile = 'C:\Users\Guillaume\Desktop\Photon Server\Photon-OnPremise-Server-SDK_v4-0-29-11263\deploy\LoadBalancing\Master\bin\Photon.LoadBalancing.dll.config'
2017-03-27 16:10:03,501 [ 1] INFO  PhotonHostRuntime.PhotonDomainManager -   CachePath = 'C:\Users\Guillaume\Desktop\Photon Server\Photon-OnPremise-Server-SDK_v4-0-29-11263\deploy\LoadBalancing\Master\bin\Cache'
2017-03-27 16:10:04,051 [ 1] INFO  PhotonHostRuntime.PhotonDomainManager -   ApplicationPath = 'C:\Users\Guillaume\Desktop\Photon Server\Photon-OnPremise-Server-SDK_v4-0-29-11263\deploy\LoadBalancing\Master'
2017-03-27 16:10:04,056 [ 1] INFO  PhotonHostRuntime.PhotonDomainManager -   BinaryPath = 'C:\Users\Guillaume\Desktop\Photon Server\Photon-OnPremise-Server-SDK_v4-0-29-11263\deploy\LoadBalancing\Master\bin'
2017-03-27 16:10:04,060 [ 1] INFO  PhotonHostRuntime.PhotonDomainManager -   ApplicationRootPath = 'C:\Users\Guillaume\Desktop\Photon Server\Photon-OnPremise-Server-SDK_v4-0-29-11263\deploy'
2017-03-27 16:10:04,064 [ 1] INFO  PhotonHostRuntime.PhotonDomainManager -   UnmanagedLogPath = 'C:\Users\Guillaume\Desktop\Photon Server\Photon-OnPremise-Server-SDK_v4-0-29-11263\deploy\bin_Win64\log'
2017-03-27 16:10:04,163 [ 1] INFO  PhotonHostRuntime.PhotonDomainManager - AssemblyLoadEvent: Photon.LoadBalancing, Version=4.0.28.11221, Culture=neutral, PublicKeyToken=null from file:///C:/Users/Guillaume/Desktop/Photon Server/Photon-OnPremise-Server-SDK_v4-0-29-11263/deploy/LoadBalancing/Master/bin/Photon.LoadBalancing.DLL
2017-03-27 16:10:04,168 [ 1] INFO  PhotonHostRuntime.PhotonDomainManager - Photon SDK:4.0.28.11245
2017-03-27 16:10:04,307 [ 1] INFO  PhotonHostRuntime.PhotonDomainManager - AssemblyLoadEvent: Photon.SocketServer, Version=4.0.28.11245, Culture=neutral, PublicKeyToken=48c2fa3b6988090e from file:///C:/Users/Guillaume/Desktop/Photon Server/Photon-OnPremise-Server-SDK_v4-0-29-11263/deploy/LoadBalancing/Master/bin/Photon.SocketServer.DLL
2017-03-27 16:10:04,432 [ 1] INFO  PhotonHostRuntime.PhotonDomainManager - AssemblyLoadEvent: ExitGamesLibs, Version=1.0.4.0, Culture=neutral, PublicKeyToken=eac0edd9746a4aa0 from file:///C:/Users/Guillaume/Desktop/Photon Server/Photon-OnPremise-Server-SDK_v4-0-29-11263/deploy/LoadBalancing/Master/bin/ExitGamesLibs.DLL
2017-03-27 16:10:04,838 [ 1] INFO  PhotonHostRuntime.PhotonDomainManager - Starting: name = 'Master', assemblyName = 'Photon.LoadBalancing', typeName = 'Photon.LoadBalancing.MasterServer.MasterApplication'
2017-03-27 16:10:04,844 [ 1] INFO  PhotonHostRuntime.PhotonDomainManager - CreateAppDomain: name = 'Game' , assemblyName = 'Photon.LoadBalancing'
2017-03-27 16:10:04,850 [ 1] INFO  PhotonHostRuntime.PhotonDomainManager -   ApplicationBase = 'C:\Users\Guillaume\Desktop\Photon Server\Photon-OnPremise-Server-SDK_v4-0-29-11263\deploy'
2017-03-27 16:10:04,856 [ 1] INFO  PhotonHostRuntime.PhotonDomainManager -   PrivateBinPath = 'C:\Users\Guillaume\Desktop\Photon Server\Photon-OnPremise-Server-SDK_v4-0-29-11263\deploy\LoadBalancing\GameServer\bin;bin_Win64;Shared;'
2017-03-27 16:10:04,861 [ 1] INFO  PhotonHostRuntime.PhotonDomainManager -   ConfigurationFile = 'C:\Users\Guillaume\Desktop\Photon Server\Photon-OnPremise-Server-SDK_v4-0-29-11263\deploy\LoadBalancing\GameServer\bin\Photon.LoadBalancing.dll.config'
2017-03-27 16:10:04,865 [ 1] INFO  PhotonHostRuntime.PhotonDomainManager -   CachePath = 'C:\Users\Guillaume\Desktop\Photon Server\Photon-OnPremise-Server-SDK_v4-0-29-11263\deploy\LoadBalancing\GameServer\bin\Cache'
2017-03-27 16:10:05,118 [ 1] INFO  PhotonHostRuntime.PhotonDomainManager -   ApplicationPath = 'C:\Users\Guillaume\Desktop\Photon Server\Photon-OnPremise-Server-SDK_v4-0-29-11263\deploy\LoadBalancing\GameServer'
2017-03-27 16:10:05,122 [ 1] INFO  PhotonHostRuntime.PhotonDomainManager -   BinaryPath = 'C:\Users\Guillaume\Desktop\Photon Server\Photon-OnPremise-Server-SDK_v4-0-29-11263\deploy\LoadBalancing\GameServer\bin'
2017-03-27 16:10:05,126 [ 1] INFO  PhotonHostRuntime.PhotonDomainManager -   ApplicationRootPath = 'C:\Users\Guillaume\Desktop\Photon Server\Photon-OnPremise-Server-SDK_v4-0-29-11263\deploy'
2017-03-27 16:10:05,130 [ 1] INFO  PhotonHostRuntime.PhotonDomainManager -   UnmanagedLogPath = 'C:\Users\Guillaume\Desktop\Photon Server\Photon-OnPremise-Server-SDK_v4-0-29-11263\deploy\bin_Win64\log'
2017-03-27 16:10:05,219 [ 1] INFO  PhotonHostRuntime.PhotonDomainManager - AssemblyLoadEvent: Photon.LoadBalancing, Version=4.0.28.11221, Culture=neutral, PublicKeyToken=null from file:///C:/Users/Guillaume/Desktop/Photon Server/Photon-OnPremise-Server-SDK_v4-0-29-11263/deploy/LoadBalancing/GameServer/bin/Photon.LoadBalancing.DLL
2017-03-27 16:10:05,223 [ 1] INFO  PhotonHostRuntime.PhotonDomainManager - Photon SDK:4.0.28.11245
2017-03-27 16:10:05,313 [ 1] INFO  PhotonHostRuntime.PhotonDomainManager - AssemblyLoadEvent: Photon.SocketServer, Version=4.0.28.11245, Culture=neutral, PublicKeyToken=48c2fa3b6988090e from file:///C:/Users/Guillaume/Desktop/Photon Server/Photon-OnPremise-Server-SDK_v4-0-29-11263/deploy/LoadBalancing/GameServer/bin/Photon.SocketServer.DLL
2017-03-27 16:10:05,385 [ 1] INFO  PhotonHostRuntime.PhotonDomainManager - AssemblyLoadEvent: Photon.Common, Version=4.0.28.11221, Culture=neutral, PublicKeyToken=null from file:///C:/Users/Guillaume/Desktop/Photon Server/Photon-OnPremise-Server-SDK_v4-0-29-11263/deploy/LoadBalancing/GameServer/bin/Photon.Common.DLL
2017-03-27 16:10:05,504 [ 1] INFO  PhotonHostRuntime.PhotonDomainManager - AssemblyLoadEvent: ExitGamesLibs, Version=1.0.4.0, Culture=neutral, PublicKeyToken=eac0edd9746a4aa0 from file:///C:/Users/Guillaume/Desktop/Photon Server/Photon-OnPremise-Server-SDK_v4-0-29-11263/deploy/LoadBalancing/GameServer/bin/ExitGamesLibs.DLL
2017-03-27 16:10:05,601 [ 1] INFO  PhotonHostRuntime.PhotonDomainManager - AssemblyLoadEvent: PhotonHive, Version=4.0.28.11221, Culture=neutral, PublicKeyToken=null from file:///C:/Users/Guillaume/Desktop/Photon Server/Photon-OnPremise-Server-SDK_v4-0-29-11263/deploy/LoadBalancing/GameServer/bin/PhotonHive.DLL
2017-03-27 16:10:05,739 [ 1] INFO  PhotonHostRuntime.PhotonDomainManager - Starting: name = 'Game', assemblyName = 'Photon.LoadBalancing', typeName = 'Photon.LoadBalancing.GameServer.GameApplication'
2017-03-27 16:10:05,744 [ 1] INFO  PhotonHostRuntime.PhotonDomainManager - CreateAppDomain: name = 'CounterPublisher' , assemblyName = 'CounterPublisher'
2017-03-27 16:10:05,748 [ 1] INFO  PhotonHostRuntime.PhotonDomainManager -   ApplicationBase = 'C:\Users\Guillaume\Desktop\Photon Server\Photon-OnPremise-Server-SDK_v4-0-29-11263\deploy'
2017-03-27 16:10:05,752 [ 1] INFO  PhotonHostRuntime.PhotonDomainManager -   PrivateBinPath = 'C:\Users\Guillaume\Desktop\Photon Server\Photon-OnPremise-Server-SDK_v4-0-29-11263\deploy\CounterPublisher\bin;bin_Win64;Shared;'
2017-03-27 16:10:05,755 [ 1] INFO  PhotonHostRuntime.PhotonDomainManager -   ConfigurationFile = 'C:\Users\Guillaume\Desktop\Photon Server\Photon-OnPremise-Server-SDK_v4-0-29-11263\deploy\CounterPublisher\bin\CounterPublisher.dll.config'
2017-03-27 16:10:05,759 [ 1] INFO  PhotonHostRuntime.PhotonDomainManager -   CachePath = 'C:\Users\Guillaume\Desktop\Photon Server\Photon-OnPremise-Server-SDK_v4-0-29-11263\deploy\CounterPublisher\bin\Cache'
2017-03-27 16:10:05,973 [ 1] INFO  PhotonHostRuntime.PhotonDomainManager -   ApplicationPath = 'C:\Users\Guillaume\Desktop\Photon Server\Photon-OnPremise-Server-SDK_v4-0-29-11263\deploy\CounterPublisher'
2017-03-27 16:10:05,977 [ 1] INFO  PhotonHostRuntime.PhotonDomainManager -   BinaryPath = 'C:\Users\Guillaume\Desktop\Photon Server\Photon-OnPremise-Server-SDK_v4-0-29-11263\deploy\CounterPublisher\bin'
2017-03-27 16:10:05,981 [ 1] INFO  PhotonHostRuntime.PhotonDomainManager -   ApplicationRootPath = 'C:\Users\Guillaume\Desktop\Photon Server\Photon-OnPremise-Server-SDK_v4-0-29-11263\deploy'
2017-03-27 16:10:05,985 [ 1] INFO  PhotonHostRuntime.PhotonDomainManager -   UnmanagedLogPath = 'C:\Users\Guillaume\Desktop\Photon Server\Photon-OnPremise-Server-SDK_v4-0-29-11263\deploy\bin_Win64\log'
2017-03-27 16:10:06,058 [ 1] INFO  PhotonHostRuntime.PhotonDomainManager - AssemblyLoadEvent: CounterPublisher, Version=4.0.28.11221, Culture=neutral, PublicKeyToken=null from file:///C:/Users/Guillaume/Desktop/Photon Server/Photon-OnPremise-Server-SDK_v4-0-29-11263/deploy/CounterPublisher/bin/CounterPublisher.DLL
2017-03-27 16:10:06,062 [ 1] INFO  PhotonHostRuntime.PhotonDomainManager - Photon SDK:4.0.28.11245
2017-03-27 16:10:06,204 [ 1] INFO  PhotonHostRuntime.PhotonDomainManager - AssemblyLoadEvent: Photon.SocketServer, Version=4.0.28.11245, Culture=neutral, PublicKeyToken=48c2fa3b6988090e from file:///C:/Users/Guillaume/Desktop/Photon Server/Photon-OnPremise-Server-SDK_v4-0-29-11263/deploy/CounterPublisher/bin/Photon.SocketServer.DLL
2017-03-27 16:10:06,286 [ 1] INFO  PhotonHostRuntime.PhotonDomainManager - AssemblyLoadEvent: ExitGamesLibs, Version=1.0.4.0, Culture=neutral, PublicKeyToken=eac0edd9746a4aa0 from file:///C:/Users/Guillaume/Desktop/Photon Server/Photon-OnPremise-Server-SDK_v4-0-29-11263/deploy/CounterPublisher/bin/ExitGamesLibs.DLL
2017-03-27 16:10:06,295 [ 1] INFO  PhotonHostRuntime.PhotonDomainManager - Starting: name = 'CounterPublisher', assemblyName = 'CounterPublisher', typeName = 'Photon.CounterPublisher.Application'
2017-03-27 16:10:06,507 [ 1] INFO  PhotonHostRuntime.PhotonDomainManager - PhotonRunning: ApplicationName = 'CounterPublisher', DomainId='4' -- calling Application.Setup
2017-03-27 16:10:06,685 [ 1] INFO  PhotonHostRuntime.PhotonDomainManager - AssemblyLoadEvent: ExitGames.Logging.Log4Net, Version=1.0.4.0, Culture=neutral, PublicKeyToken=eac0edd9746a4aa0 from file:///C:/Users/Guillaume/Desktop/Photon Server/Photon-OnPremise-Server-SDK_v4-0-29-11263/deploy/CounterPublisher/bin/ExitGames.Logging.Log4Net.DLL
2017-03-27 16:10:10,840 [ 1] INFO  PhotonHostRuntime.PhotonDomainManager - PhotonRunning: ApplicationName = 'Game', DomainId='3' -- calling Application.Setup
2017-03-27 16:10:11,029 [ 1] INFO  PhotonHostRuntime.PhotonDomainManager - AssemblyLoadEvent: ExitGames.Logging.Log4Net, Version=1.0.4.0, Culture=neutral, PublicKeyToken=eac0edd9746a4aa0 from file:///C:/Users/Guillaume/Desktop/Photon Server/Photon-OnPremise-Server-SDK_v4-0-29-11263/deploy/LoadBalancing/GameServer/bin/ExitGames.Logging.Log4Net.DLL
2017-03-27 16:10:12,013 [ 1] INFO  PhotonHostRuntime.PhotonDomainManager - AssemblyLoadEvent: System.resources, Version=4.0.0.0, Culture=fr, PublicKeyToken=b77a5c561934e089 from file:///C:/WINDOWS/Microsoft.Net/assembly/GAC_MSIL/System.resources/v4.0_4.0.0.0_fr_b77a5c561934e089/System.resources.dll
2017-03-27 16:10:13,640 [ 1] INFO  PhotonHostRuntime.PhotonDomainManager - AssemblyLoadEvent: PhotonHivePlugin, Version=1.0.15.11060, Culture=neutral, PublicKeyToken=null from file:///C:/Users/Guillaume/Desktop/Photon Server/Photon-OnPremise-Server-SDK_v4-0-29-11263/deploy/LoadBalancing/GameServer/bin/PhotonHivePlugin.DLL
2017-03-27 16:10:13,966 [ 1] INFO  PhotonHostRuntime.PhotonDomainManager - PhotonRunning: ApplicationName = 'Master', DomainId='2' -- calling Application.Setup
2017-03-27 16:10:14,058 [ 1] INFO  PhotonHostRuntime.PhotonDomainManager - AssemblyLoadEvent: Photon.Common, Version=4.0.28.11221, Culture=neutral, PublicKeyToken=null from file:///C:/Users/Guillaume/Desktop/Photon Server/Photon-OnPremise-Server-SDK_v4-0-29-11263/deploy/LoadBalancing/Master/bin/Photon.Common.DLL
2017-03-27 16:10:14,091 [ 1] INFO  PhotonHostRuntime.PhotonDomainManager - AssemblyLoadEvent: ExitGames.Logging.Log4Net, Version=1.0.4.0, Culture=neutral, PublicKeyToken=eac0edd9746a4aa0 from file:///C:/Users/Guillaume/Desktop/Photon Server/Photon-OnPremise-Server-SDK_v4-0-29-11263/deploy/LoadBalancing/Master/bin/ExitGames.Logging.Log4Net.DLL
2017-03-27 16:10:14,671 [ 1] INFO  PhotonHostRuntime.PhotonDomainManager - AssemblyLoadEvent: System.resources, Version=4.0.0.0, Culture=fr, PublicKeyToken=b77a5c561934e089 from file:///C:/WINDOWS/Microsoft.Net/assembly/GAC_MSIL/System.resources/v4.0_4.0.0.0_fr_b77a5c561934e089/System.resources.dll
2017-03-27 16:10:15,339 [ 1] INFO  PhotonHostRuntime.PhotonDomainManager - AssemblyLoadEvent: PhotonHive, Version=4.0.28.11221, Culture=neutral, PublicKeyToken=null from file:///C:/Users/Guillaume/Desktop/Photon Server/Photon-OnPremise-Server-SDK_v4-0-29-11263/deploy/LoadBalancing/Master/bin/PhotonHive.DLL
2017-03-27 16:10:15,649 [ 1] INFO  PhotonHostRuntime.PhotonDomainManager - AssemblyLoadEvent: ServiceStack.Redis, Version=3.9.71.0, Culture=neutral, PublicKeyToken=null from file:///C:/Users/Guillaume/Desktop/Photon Server/Photon-OnPremise-Server-SDK_v4-0-29-11263/deploy/LoadBalancing/Master/bin/ServiceStack.Redis.DLL
2017-03-27 16:10:15,721 [ 1] INFO  PhotonHostRuntime.PhotonDomainManager - AssemblyLoadEvent: ServiceStack.Interfaces, Version=1.0.0.0, Culture=neutral, PublicKeyToken=null from file:///C:/Users/Guillaume/Desktop/Photon Server/Photon-OnPremise-Server-SDK_v4-0-29-11263/deploy/LoadBalancing/Master/bin/ServiceStack.Interfaces.DLL
2017-03-27 16:10:15,844 [ 1] INFO  PhotonHostRuntime.PhotonDomainManager - AssemblyLoadEvent: System.Web, Version=4.0.0.0, Culture=neutral, PublicKeyToken=b03f5f7f11d50a3a from file:///C:/WINDOWS/Microsoft.Net/assembly/GAC_64/System.Web/v4.0_4.0.0.0__b03f5f7f11d50a3a/System.Web.dll
2017-03-27 16:10:15,959 [ 1] INFO  PhotonHostRuntime.PhotonDomainManager - PhotonRunning: ApplicationName = 'DefaultDomain', DomainId='1'
2017-03-27 16:10:16,109 [10] INFO  PhotonHostRuntime.PhotonDomainManager - AssemblyLoadEvent: PhotonHivePlugin, Version=1.0.15.11060, Culture=neutral, PublicKeyToken=null from file:///C:/Users/Guillaume/Desktop/Photon Server/Photon-OnPremise-Server-SDK_v4-0-29-11263/deploy/LoadBalancing/Master/bin/PhotonHivePlugin.DLL
2017-03-27 16:11:05,592 [15] INFO  PhotonHostRuntime.PhotonDomainManager - AssemblyLoadEvent: System.Web, Version=4.0.0.0, Culture=neutral, PublicKeyToken=b03f5f7f11d50a3a from file:///C:/WINDOWS/Microsoft.Net/assembly/GAC_64/System.Web/v4.0_4.0.0.0__b03f5f7f11d50a3a/System.Web.dll
2017-03-28 09:53:41,755 [ 1] INFO  PhotonHostRuntime.PhotonDomainManager - Initialize: ApplicationName = 'DefaultDomain', DomainID = '1'
2017-03-28 09:53:41,919 [ 1] INFO  PhotonHostRuntime.PhotonDomainManager - AppDomains with unhandled exceptions are usually not unloaded and restarted.
2017-03-28 09:53:41,924 [ 1] INFO  PhotonHostRuntime.PhotonDomainManager - Getting license information:
2017-03-28 09:53:42,347 [ 1] INFO  PhotonHostRuntime.PhotonLicensing - LICENSE: No license file was found - starting with Bootstrap License.
2017-03-28 09:53:42,352 [ 1] INFO  PhotonHostRuntime.PhotonLicensing - LICENSE: Expiration: never; floating license: no; max connections: 20; valid IPs: any
2017-03-28 09:53:43,820 [ 1] INFO  PhotonHostRuntime.PhotonDomainManager - CreateAppDomain: name = 'MMoDemo' , assemblyName = 'Photon.MmoDemo.Server'
2017-03-28 09:53:43,824 [ 1] ERROR PhotonHostRuntime.PhotonDomainManager - CreateDomain
System.Exception: Can't find Photon.MmoDemo.Server.dll in  or C:\Users\Guillaume\Desktop\Photon Server\Photon-OnPremise-Server-SDK_v4-0-29-11263\deploy\MmoDemo\bin
   à PhotonHostRuntime.PhotonDomainManager.PhotonDefaultAppDomainBehavior.CreateAppDomain(String name, String assemblyName, String baseDirectoryRaw, String applicationRootDirectoryRaw, String applicationDirectoryRaw, String sharedDirectoryRaw, String applicationSharedDirectoryRaw, Boolean enableShadowCopy, Boolean createPerInstanceShadowCopyCaches, String instanceName)
   à PhotonHostRuntime.PhotonDomainManager.CreateAppDomain(String name, String assemblyName, String baseDirectoryRaw, String applicationRootDirectoryRaw, String applicationDirectoryRaw, String sharedDirectoryRaw, String applicationSharedDirectoryRaw, Boolean enableShadowCopy, Boolean createPerInstanceShadowCopyCaches, String instanceName)
2017-03-28 09:53:44,236 [ 1] INFO  PhotonHostRuntime.PhotonDomainManager - RequestStop: ApplicationName = 'DefaultDomain', DomainId='1'
2017-03-28 11:50:17,403 [ 1] INFO  PhotonHostRuntime.PhotonDomainManager - Initialize: ApplicationName = 'DefaultDomain', DomainID = '1'
2017-03-28 11:50:17,421 [ 1] INFO  PhotonHostRuntime.PhotonDomainManager - AppDomains with unhandled exceptions are usually not unloaded and restarted.
2017-03-28 11:50:17,427 [ 1] INFO  PhotonHostRuntime.PhotonDomainManager - Getting license information:
2017-03-28 11:50:17,788 [ 1] INFO  PhotonHostRuntime.PhotonLicensing - LICENSE: No license file was found - starting with Bootstrap License.
2017-03-28 11:50:17,792 [ 1] INFO  PhotonHostRuntime.PhotonLicensing - LICENSE: Expiration: never; floating license: no; max connections: 20; valid IPs: any
2017-03-28 11:50:19,021 [ 1] INFO  PhotonHostRuntime.PhotonDomainManager - CreateAppDomain: name = 'Master' , assemblyName = 'Photon.LoadBalancing'
2017-03-28 11:50:19,026 [ 1] INFO  PhotonHostRuntime.PhotonDomainManager -   ApplicationBase = 'C:\Users\Guillaume\Desktop\Photon Server\Photon-OnPremise-Server-SDK_v4-0-29-11263\deploy'
2017-03-28 11:50:19,029 [ 1] INFO  PhotonHostRuntime.PhotonDomainManager -   PrivateBinPath = 'C:\Users\Guillaume\Desktop\Photon Server\Photon-OnPremise-Server-SDK_v4-0-29-11263\deploy\LoadBalancing\Master\bin;bin_Win64;Shared;'
2017-03-28 11:50:19,033 [ 1] INFO  PhotonHostRuntime.PhotonDomainManager -   ConfigurationFile = 'C:\Users\Guillaume\Desktop\Photon Server\Photon-OnPremise-Server-SDK_v4-0-29-11263\deploy\LoadBalancing\Master\bin\Photon.LoadBalancing.dll.config'
2017-03-28 11:50:19,037 [ 1] INFO  PhotonHostRuntime.PhotonDomainManager -   CachePath = 'C:\Users\Guillaume\Desktop\Photon Server\Photon-OnPremise-Server-SDK_v4-0-29-11263\deploy\LoadBalancing\Master\bin\Cache'
2017-03-28 11:50:19,376 [ 1] INFO  PhotonHostRuntime.PhotonDomainManager -   ApplicationPath = 'C:\Users\Guillaume\Desktop\Photon Server\Photon-OnPremise-Server-SDK_v4-0-29-11263\deploy\LoadBalancing\Master'
2017-03-28 11:50:19,380 [ 1] INFO  PhotonHostRuntime.PhotonDomainManager -   BinaryPath = 'C:\Users\Guillaume\Desktop\Photon Server\Photon-OnPremise-Server-SDK_v4-0-29-11263\deploy\LoadBalancing\Master\bin'
2017-03-28 11:50:19,384 [ 1] INFO  PhotonHostRuntime.PhotonDomainManager -   ApplicationRootPath = 'C:\Users\Guillaume\Desktop\Photon Server\Photon-OnPremise-Server-SDK_v4-0-29-11263\deploy'
2017-03-28 11:50:19,389 [ 1] INFO  PhotonHostRuntime.PhotonDomainManager -   UnmanagedLogPath = 'C:\Users\Guillaume\Desktop\Photon Server\Photon-OnPremise-Server-SDK_v4-0-29-11263\deploy\bin_Win64\log'
2017-03-28 11:50:19,536 [ 1] INFO  PhotonHostRuntime.PhotonDomainManager - AssemblyLoadEvent: Photon.LoadBalancing, Version=4.0.28.11221, Culture=neutral, PublicKeyToken=null from file:///C:/Users/Guillaume/Desktop/Photon Server/Photon-OnPremise-Server-SDK_v4-0-29-11263/deploy/LoadBalancing/Master/bin/Photon.LoadBalancing.DLL
2017-03-28 11:50:19,541 [ 1] INFO  PhotonHostRuntime.PhotonDomainManager - Photon SDK:4.0.28.11245
2017-03-28 11:50:19,665 [ 1] INFO  PhotonHostRuntime.PhotonDomainManager - AssemblyLoadEvent: Photon.SocketServer, Version=4.0.28.11245, Culture=neutral, PublicKeyToken=48c2fa3b6988090e from file:///C:/Users/Guillaume/Desktop/Photon Server/Photon-OnPremise-Server-SDK_v4-0-29-11263/deploy/LoadBalancing/Master/bin/Photon.SocketServer.DLL
2017-03-28 11:50:19,777 [ 1] INFO  PhotonHostRuntime.PhotonDomainManager - AssemblyLoadEvent: ExitGamesLibs, Version=1.0.4.0, Culture=neutral, PublicKeyToken=eac0edd9746a4aa0 from file:///C:/Users/Guillaume/Desktop/Photon Server/Photon-OnPremise-Server-SDK_v4-0-29-11263/deploy/LoadBalancing/Master/bin/ExitGamesLibs.DLL
2017-03-28 11:50:19,798 [ 1] INFO  PhotonHostRuntime.PhotonDomainManager - Starting: name = 'Master', assemblyName = 'Photon.LoadBalancing', typeName = 'Photon.LoadBalancing.MasterServer.MasterApplication'
2017-03-28 11:50:19,803 [ 1] INFO  PhotonHostRuntime.PhotonDomainManager - CreateAppDomain: name = 'Game' , assemblyName = 'Photon.LoadBalancing'
2017-03-28 11:50:19,807 [ 1] INFO  PhotonHostRuntime.PhotonDomainManager -   ApplicationBase = 'C:\Users\Guillaume\Desktop\Photon Server\Photon-OnPremise-Server-SDK_v4-0-29-11263\deploy'
2017-03-28 11:50:19,811 [ 1] INFO  PhotonHostRuntime.PhotonDomainManager -   PrivateBinPath = 'C:\Users\Guillaume\Desktop\Photon Server\Photon-OnPremise-Server-SDK_v4-0-29-11263\deploy\LoadBalancing\GameServer\bin;bin_Win64;Shared;'
2017-03-28 11:50:19,814 [ 1] INFO  PhotonHostRuntime.PhotonDomainManager -   ConfigurationFile = 'C:\Users\Guillaume\Desktop\Photon Server\Photon-OnPremise-Server-SDK_v4-0-29-11263\deploy\LoadBalancing\GameServer\bin\Photon.LoadBalancing.dll.config'
2017-03-28 11:50:19,818 [ 1] INFO  PhotonHostRuntime.PhotonDomainManager -   CachePath = 'C:\Users\Guillaume\Desktop\Photon Server\Photon-OnPremise-Server-SDK_v4-0-29-11263\deploy\LoadBalancing\GameServer\bin\Cache'
2017-03-28 11:50:20,130 [ 1] INFO  PhotonHostRuntime.PhotonDomainManager -   ApplicationPath = 'C:\Users\Guillaume\Desktop\Photon Server\Photon-OnPremise-Server-SDK_v4-0-29-11263\deploy\LoadBalancing\GameServer'
2017-03-28 11:50:20,135 [ 1] INFO  PhotonHostRuntime.PhotonDomainManager -   BinaryPath = 'C:\Users\Guillaume\Desktop\Photon Server\Photon-OnPremise-Server-SDK_v4-0-29-11263\deploy\LoadBalancing\GameServer\bin'
2017-03-28 11:50:20,139 [ 1] INFO  PhotonHostRuntime.PhotonDomainManager -   ApplicationRootPath = 'C:\Users\Guillaume\Desktop\Photon Server\Photon-OnPremise-Server-SDK_v4-0-29-11263\deploy'
2017-03-28 11:50:20,143 [ 1] INFO  PhotonHostRuntime.PhotonDomainManager -   UnmanagedLogPath = 'C:\Users\Guillaume\Desktop\Photon Server\Photon-OnPremise-Server-SDK_v4-0-29-11263\deploy\bin_Win64\log'
2017-03-28 11:50:20,330 [ 1] INFO  PhotonHostRuntime.PhotonDomainManager - AssemblyLoadEvent: Photon.LoadBalancing, Version=4.0.28.11221, Culture=neutral, PublicKeyToken=null from file:///C:/Users/Guillaume/Desktop/Photon Server/Photon-OnPremise-Server-SDK_v4-0-29-11263/deploy/LoadBalancing/GameServer/bin/Photon.LoadBalancing.DLL
2017-03-28 11:50:20,334 [ 1] INFO  PhotonHostRuntime.PhotonDomainManager - Photon SDK:4.0.28.11245
2017-03-28 11:50:20,524 [ 1] INFO  PhotonHostRuntime.PhotonDomainManager - AssemblyLoadEvent: Photon.SocketServer, Version=4.0.28.11245, Culture=neutral, PublicKeyToken=48c2fa3b6988090e from file:///C:/Users/Guillaume/Desktop/Photon Server/Photon-OnPremise-Server-SDK_v4-0-29-11263/deploy/LoadBalancing/GameServer/bin/Photon.SocketServer.DLL
2017-03-28 11:50:20,639 [ 1] INFO  PhotonHostRuntime.PhotonDomainManager - AssemblyLoadEvent: Photon.Common, Version=4.0.28.11221, Culture=neutral, PublicKeyToken=null from file:///C:/Users/Guillaume/Desktop/Photon Server/Photon-OnPremise-Server-SDK_v4-0-29-11263/deploy/LoadBalancing/GameServer/bin/Photon.Common.DLL
2017-03-28 11:50:20,752 [ 1] INFO  PhotonHostRuntime.PhotonDomainManager - AssemblyLoadEvent: ExitGamesLibs, Version=1.0.4.0, Culture=neutral, PublicKeyToken=eac0edd9746a4aa0 from file:///C:/Users/Guillaume/Desktop/Photon Server/Photon-OnPremise-Server-SDK_v4-0-29-11263/deploy/LoadBalancing/GameServer/bin/ExitGamesLibs.DLL
2017-03-28 11:50:20,876 [ 1] INFO  PhotonHostRuntime.PhotonDomainManager - AssemblyLoadEvent: PhotonHive, Version=4.0.28.11221, Culture=neutral, PublicKeyToken=null from file:///C:/Users/Guillaume/Desktop/Photon Server/Photon-OnPremise-Server-SDK_v4-0-29-11263/deploy/LoadBalancing/GameServer/bin/PhotonHive.DLL
2017-03-28 11:50:20,911 [ 1] INFO  PhotonHostRuntime.PhotonDomainManager - Starting: name = 'Game', assemblyName = 'Photon.LoadBalancing', typeName = 'Photon.LoadBalancing.GameServer.GameApplication'
2017-03-28 11:50:20,915 [ 1] INFO  PhotonHostRuntime.PhotonDomainManager - CreateAppDomain: name = 'CounterPublisher' , assemblyName = 'CounterPublisher'
2017-03-28 11:50:20,919 [ 1] INFO  PhotonHostRuntime.PhotonDomainManager -   ApplicationBase = 'C:\Users\Guillaume\Desktop\Photon Server\Photon-OnPremise-Server-SDK_v4-0-29-11263\deploy'
2017-03-28 11:50:20,923 [ 1] INFO  PhotonHostRuntime.PhotonDomainManager -   PrivateBinPath = 'C:\Users\Guillaume\Desktop\Photon Server\Photon-OnPremise-Server-SDK_v4-0-29-11263\deploy\CounterPublisher\bin;bin_Win64;Shared;'
2017-03-28 11:50:20,927 [ 1] INFO  PhotonHostRuntime.PhotonDomainManager -   ConfigurationFile = 'C:\Users\Guillaume\Desktop\Photon Server\Photon-OnPremise-Server-SDK_v4-0-29-11263\deploy\CounterPublisher\bin\CounterPublisher.dll.config'
2017-03-28 11:50:20,931 [ 1] INFO  PhotonHostRuntime.PhotonDomainManager -   CachePath = 'C:\Users\Guillaume\Desktop\Photon Server\Photon-OnPremise-Server-SDK_v4-0-29-11263\deploy\CounterPublisher\bin\Cache'
2017-03-28 11:50:21,226 [ 1] INFO  PhotonHostRuntime.PhotonDomainManager -   ApplicationPath = 'C:\Users\Guillaume\Desktop\Photon Server\Photon-OnPremise-Server-SDK_v4-0-29-11263\deploy\CounterPublisher'
2017-03-28 11:50:21,230 [ 1] INFO  PhotonHostRuntime.PhotonDomainManager -   BinaryPath = 'C:\Users\Guillaume\Desktop\Photon Server\Photon-OnPremise-Server-SDK_v4-0-29-11263\deploy\CounterPublisher\bin'
2017-03-28 11:50:21,235 [ 1] INFO  PhotonHostRuntime.PhotonDomainManager -   ApplicationRootPath = 'C:\Users\Guillaume\Desktop\Photon Server\Photon-OnPremise-Server-SDK_v4-0-29-11263\deploy'
2017-03-28 11:50:21,239 [ 1] INFO  PhotonHostRuntime.PhotonDomainManager -   UnmanagedLogPath = 'C:\Users\Guillaume\Desktop\Photon Server\Photon-OnPremise-Server-SDK_v4-0-29-11263\deploy\bin_Win64\log'
2017-03-28 11:50:21,326 [ 1] INFO  PhotonHostRuntime.PhotonDomainManager - AssemblyLoadEvent: CounterPublisher, Version=4.0.28.11221, Culture=neutral, PublicKeyToken=null from file:///C:/Users/Guillaume/Desktop/Photon Server/Photon-OnPremise-Server-SDK_v4-0-29-11263/deploy/CounterPublisher/bin/CounterPublisher.DLL
2017-03-28 11:50:21,331 [ 1] INFO  PhotonHostRuntime.PhotonDomainManager - Photon SDK:4.0.28.11245
2017-03-28 11:50:21,461 [ 1] INFO  PhotonHostRuntime.PhotonDomainManager - AssemblyLoadEvent: Photon.SocketServer, Version=4.0.28.11245, Culture=neutral, PublicKeyToken=48c2fa3b6988090e from file:///C:/Users/Guillaume/Desktop/Photon Server/Photon-OnPremise-Server-SDK_v4-0-29-11263/deploy/CounterPublisher/bin/Photon.SocketServer.DLL
2017-03-28 11:50:21,582 [ 1] INFO  PhotonHostRuntime.PhotonDomainManager - AssemblyLoadEvent: ExitGamesLibs, Version=1.0.4.0, Culture=neutral, PublicKeyToken=eac0edd9746a4aa0 from file:///C:/Users/Guillaume/Desktop/Photon Server/Photon-OnPremise-Server-SDK_v4-0-29-11263/deploy/CounterPublisher/bin/ExitGamesLibs.DLL
2017-03-28 11:50:21,589 [ 1] INFO  PhotonHostRuntime.PhotonDomainManager - Starting: name = 'CounterPublisher', assemblyName = 'CounterPublisher', typeName = 'Photon.CounterPublisher.Application'
2017-03-28 11:50:21,638 [ 1] INFO  PhotonHostRuntime.PhotonDomainManager - PhotonRunning: ApplicationName = 'CounterPublisher', DomainId='4' -- calling Application.Setup
2017-03-28 11:50:21,683 [ 1] INFO  PhotonHostRuntime.PhotonDomainManager - AssemblyLoadEvent: ExitGames.Logging.Log4Net, Version=1.0.4.0, Culture=neutral, PublicKeyToken=eac0edd9746a4aa0 from file:///C:/Users/Guillaume/Desktop/Photon Server/Photon-OnPremise-Server-SDK_v4-0-29-11263/deploy/CounterPublisher/bin/ExitGames.Logging.Log4Net.DLL
2017-03-28 11:50:23,468 [ 1] INFO  PhotonHostRuntime.PhotonDomainManager - PhotonRunning: ApplicationName = 'Game', DomainId='3' -- calling Application.Setup
2017-03-28 11:50:23,570 [ 1] INFO  PhotonHostRuntime.PhotonDomainManager - AssemblyLoadEvent: ExitGames.Logging.Log4Net, Version=1.0.4.0, Culture=neutral, PublicKeyToken=eac0edd9746a4aa0 from file:///C:/Users/Guillaume/Desktop/Photon Server/Photon-OnPremise-Server-SDK_v4-0-29-11263/deploy/LoadBalancing/GameServer/bin/ExitGames.Logging.Log4Net.DLL
2017-03-28 11:50:24,665 [ 1] INFO  PhotonHostRuntime.PhotonDomainManager - AssemblyLoadEvent: PhotonHivePlugin, Version=1.0.15.11060, Culture=neutral, PublicKeyToken=null from file:///C:/Users/Guillaume/Desktop/Photon Server/Photon-OnPremise-Server-SDK_v4-0-29-11263/deploy/LoadBalancing/GameServer/bin/PhotonHivePlugin.DLL
2017-03-28 11:50:24,746 [ 1] INFO  PhotonHostRuntime.PhotonDomainManager - PhotonRunning: ApplicationName = 'Master', DomainId='2' -- calling Application.Setup
2017-03-28 11:50:24,900 [ 1] INFO  PhotonHostRuntime.PhotonDomainManager - AssemblyLoadEvent: Photon.Common, Version=4.0.28.11221, Culture=neutral, PublicKeyToken=null from file:///C:/Users/Guillaume/Desktop/Photon Server/Photon-OnPremise-Server-SDK_v4-0-29-11263/deploy/LoadBalancing/Master/bin/Photon.Common.DLL
2017-03-28 11:50:24,946 [ 1] INFO  PhotonHostRuntime.PhotonDomainManager - AssemblyLoadEvent: ExitGames.Logging.Log4Net, Version=1.0.4.0, Culture=neutral, PublicKeyToken=eac0edd9746a4aa0 from file:///C:/Users/Guillaume/Desktop/Photon Server/Photon-OnPremise-Server-SDK_v4-0-29-11263/deploy/LoadBalancing/Master/bin/ExitGames.Logging.Log4Net.DLL
2017-03-28 11:50:25,484 [ 1] INFO  PhotonHostRuntime.PhotonDomainManager - AssemblyLoadEvent: PhotonHive, Version=4.0.28.11221, Culture=neutral, PublicKeyToken=null from file:///C:/Users/Guillaume/Desktop/Photon Server/Photon-OnPremise-Server-SDK_v4-0-29-11263/deploy/LoadBalancing/Master/bin/PhotonHive.DLL
2017-03-28 11:50:25,672 [ 1] INFO  PhotonHostRuntime.PhotonDomainManager - AssemblyLoadEvent: ServiceStack.Redis, Version=3.9.71.0, Culture=neutral, PublicKeyToken=null from file:///C:/Users/Guillaume/Desktop/Photon Server/Photon-OnPremise-Server-SDK_v4-0-29-11263/deploy/LoadBalancing/Master/bin/ServiceStack.Redis.DLL
2017-03-28 11:50:25,782 [ 1] INFO  PhotonHostRuntime.PhotonDomainManager - AssemblyLoadEvent: ServiceStack.Interfaces, Version=1.0.0.0, Culture=neutral, PublicKeyToken=null from file:///C:/Users/Guillaume/Desktop/Photon Server/Photon-OnPremise-Server-SDK_v4-0-29-11263/deploy/LoadBalancing/Master/bin/ServiceStack.Interfaces.DLL
2017-03-28 11:50:25,829 [ 1] INFO  PhotonHostRuntime.PhotonDomainManager - AssemblyLoadEvent: System.Web, Version=4.0.0.0, Culture=neutral, PublicKeyToken=b03f5f7f11d50a3a from file:///C:/WINDOWS/Microsoft.Net/assembly/GAC_64/System.Web/v4.0_4.0.0.0__b03f5f7f11d50a3a/System.Web.dll
2017-03-28 11:50:25,937 [ 1] INFO  PhotonHostRuntime.PhotonDomainManager - PhotonRunning: ApplicationName = 'DefaultDomain', DomainId='1'
2017-03-28 11:50:26,105 [10] INFO  PhotonHostRuntime.PhotonDomainManager - AssemblyLoadEvent: PhotonHivePlugin, Version=1.0.15.11060, Culture=neutral, PublicKeyToken=null from file:///C:/Users/Guillaume/Desktop/Photon Server/Photon-OnPremise-Server-SDK_v4-0-29-11263/deploy/LoadBalancing/Master/bin/PhotonHivePlugin.DLL
2017-03-28 11:50:29,060 [13] INFO  PhotonHostRuntime.PhotonDomainManager - AssemblyLoadEvent: System.Web, Version=4.0.0.0, Culture=neutral, PublicKeyToken=b03f5f7f11d50a3a from file:///C:/WINDOWS/Microsoft.Net/assembly/GAC_64/System.Web/v4.0_4.0.0.0__b03f5f7f11d50a3a/System.Web.dll
2017-03-28 12:14:46,520 [ 1] INFO  PhotonHostRuntime.PhotonDomainManager - Initialize: ApplicationName = 'DefaultDomain', DomainID = '1'
2017-03-28 12:14:46,539 [ 1] INFO  PhotonHostRuntime.PhotonDomainManager - AppDomains with unhandled exceptions are usually not unloaded and restarted.
2017-03-28 12:14:46,544 [ 1] INFO  PhotonHostRuntime.PhotonDomainManager - Getting license information:
2017-03-28 12:14:46,928 [ 1] INFO  PhotonHostRuntime.PhotonLicensing - LICENSE: No license file was found - starting with Bootstrap License.
2017-03-28 12:14:46,931 [ 1] INFO  PhotonHostRuntime.PhotonLicensing - LICENSE: Expiration: never; floating license: no; max connections: 20; valid IPs: any
2017-03-28 12:14:48,183 [ 1] INFO  PhotonHostRuntime.PhotonDomainManager - CreateAppDomain: name = 'Master' , assemblyName = 'Photon.LoadBalancing'
2017-03-28 12:14:48,188 [ 1] INFO  PhotonHostRuntime.PhotonDomainManager -   ApplicationBase = 'C:\Users\urbanlab\Desktop\vrsPORT\Photon Server\Photon-OnPremise-Server-SDK_v4-0-29-11263\deploy'
2017-03-28 12:14:48,191 [ 1] INFO  PhotonHostRuntime.PhotonDomainManager -   PrivateBinPath = 'C:\Users\urbanlab\Desktop\vrsPORT\Photon Server\Photon-OnPremise-Server-SDK_v4-0-29-11263\deploy\LoadBalancing\Master\bin;bin_Win64;Shared;'
2017-03-28 12:14:48,194 [ 1] INFO  PhotonHostRuntime.PhotonDomainManager -   ConfigurationFile = 'C:\Users\urbanlab\Desktop\vrsPORT\Photon Server\Photon-OnPremise-Server-SDK_v4-0-29-11263\deploy\LoadBalancing\Master\bin\Photon.LoadBalancing.dll.config'
2017-03-28 12:14:48,198 [ 1] INFO  PhotonHostRuntime.PhotonDomainManager -   CachePath = 'C:\Users\urbanlab\Desktop\vrsPORT\Photon Server\Photon-OnPremise-Server-SDK_v4-0-29-11263\deploy\LoadBalancing\Master\bin\Cache'
2017-03-28 12:14:48,298 [ 1] INFO  PhotonHostRuntime.PhotonDomainManager -   ApplicationPath = 'C:\Users\urbanlab\Desktop\vrsPORT\Photon Server\Photon-OnPremise-Server-SDK_v4-0-29-11263\deploy\LoadBalancing\Master'
2017-03-28 12:14:48,303 [ 1] INFO  PhotonHostRuntime.PhotonDomainManager -   BinaryPath = 'C:\Users\urbanlab\Desktop\vrsPORT\Photon Server\Photon-OnPremise-Server-SDK_v4-0-29-11263\deploy\LoadBalancing\Master\bin'
2017-03-28 12:14:48,307 [ 1] INFO  PhotonHostRuntime.PhotonDomainManager -   ApplicationRootPath = 'C:\Users\urbanlab\Desktop\vrsPORT\Photon Server\Photon-OnPremise-Server-SDK_v4-0-29-11263\deploy'
2017-03-28 12:14:48,310 [ 1] INFO  PhotonHostRuntime.PhotonDomainManager -   UnmanagedLogPath = 'C:\Users\urbanlab\Desktop\vrsPORT\Photon Server\Photon-OnPremise-Server-SDK_v4-0-29-11263\deploy\bin_Win64\log'
2017-03-28 12:14:48,346 [ 1] INFO  PhotonHostRuntime.PhotonDomainManager - AssemblyLoadEvent: Photon.LoadBalancing, Version=4.0.28.11221, Culture=neutral, PublicKeyToken=null from file:///C:/Users/urbanlab/Desktop/vrsPORT/Photon Server/Photon-OnPremise-Server-SDK_v4-0-29-11263/deploy/LoadBalancing/Master/bin/Photon.LoadBalancing.DLL
2017-03-28 12:14:48,350 [ 1] INFO  PhotonHostRuntime.PhotonDomainManager - Photon SDK:4.0.28.11245
2017-03-28 12:14:48,385 [ 1] INFO  PhotonHostRuntime.PhotonDomainManager - AssemblyLoadEvent: Photon.SocketServer, Version=4.0.28.11245, Culture=neutral, PublicKeyToken=48c2fa3b6988090e from file:///C:/Users/urbanlab/Desktop/vrsPORT/Photon Server/Photon-OnPremise-Server-SDK_v4-0-29-11263/deploy/LoadBalancing/Master/bin/Photon.SocketServer.DLL
2017-03-28 12:14:48,413 [ 1] INFO  PhotonHostRuntime.PhotonDomainManager - AssemblyLoadEvent: ExitGamesLibs, Version=1.0.4.0, Culture=neutral, PublicKeyToken=eac0edd9746a4aa0 from file:///C:/Users/urbanlab/Desktop/vrsPORT/Photon Server/Photon-OnPremise-Server-SDK_v4-0-29-11263/deploy/LoadBalancing/Master/bin/ExitGamesLibs.DLL
2017-03-28 12:14:48,438 [ 1] INFO  PhotonHostRuntime.PhotonDomainManager - Starting: name = 'Master', assemblyName = 'Photon.LoadBalancing', typeName = 'Photon.LoadBalancing.MasterServer.MasterApplication'
2017-03-28 12:14:48,442 [ 1] INFO  PhotonHostRuntime.PhotonDomainManager - CreateAppDomain: name = 'Game' , assemblyName = 'Photon.LoadBalancing'
2017-03-28 12:14:48,445 [ 1] INFO  PhotonHostRuntime.PhotonDomainManager -   ApplicationBase = 'C:\Users\urbanlab\Desktop\vrsPORT\Photon Server\Photon-OnPremise-Server-SDK_v4-0-29-11263\deploy'
2017-03-28 12:14:48,449 [ 1] INFO  PhotonHostRuntime.PhotonDomainManager -   PrivateBinPath = 'C:\Users\urbanlab\Desktop\vrsPORT\Photon Server\Photon-OnPremise-Server-SDK_v4-0-29-11263\deploy\LoadBalancing\GameServer\bin;bin_Win64;Shared;'
2017-03-28 12:14:48,452 [ 1] INFO  PhotonHostRuntime.PhotonDomainManager -   ConfigurationFile = 'C:\Users\urbanlab\Desktop\vrsPORT\Photon Server\Photon-OnPremise-Server-SDK_v4-0-29-11263\deploy\LoadBalancing\GameServer\bin\Photon.LoadBalancing.dll.config'
2017-03-28 12:14:48,456 [ 1] INFO  PhotonHostRuntime.PhotonDomainManager -   CachePath = 'C:\Users\urbanlab\Desktop\vrsPORT\Photon Server\Photon-OnPremise-Server-SDK_v4-0-29-11263\deploy\LoadBalancing\GameServer\bin\Cache'
2017-03-28 12:14:48,551 [ 1] INFO  PhotonHostRuntime.PhotonDomainManager -   ApplicationPath = 'C:\Users\urbanlab\Desktop\vrsPORT\Photon Server\Photon-OnPremise-Server-SDK_v4-0-29-11263\deploy\LoadBalancing\GameServer'
2017-03-28 12:14:48,555 [ 1] INFO  PhotonHostRuntime.PhotonDomainManager -   BinaryPath = 'C:\Users\urbanlab\Desktop\vrsPORT\Photon Server\Photon-OnPremise-Server-SDK_v4-0-29-11263\deploy\LoadBalancing\GameServer\bin'
2017-03-28 12:14:48,559 [ 1] INFO  PhotonHostRuntime.PhotonDomainManager -   ApplicationRootPath = 'C:\Users\urbanlab\Desktop\vrsPORT\Photon Server\Photon-OnPremise-Server-SDK_v4-0-29-11263\deploy'
2017-03-28 12:14:48,563 [ 1] INFO  PhotonHostRuntime.PhotonDomainManager -   UnmanagedLogPath = 'C:\Users\urbanlab\Desktop\vrsPORT\Photon Server\Photon-OnPremise-Server-SDK_v4-0-29-11263\deploy\bin_Win64\log'
2017-03-28 12:14:48,600 [ 1] INFO  PhotonHostRuntime.PhotonDomainManager - AssemblyLoadEvent: Photon.LoadBalancing, Version=4.0.28.11221, Culture=neutral, PublicKeyToken=null from file:///C:/Users/urbanlab/Desktop/vrsPORT/Photon Server/Photon-OnPremise-Server-SDK_v4-0-29-11263/deploy/LoadBalancing/GameServer/bin/Photon.LoadBalancing.DLL
2017-03-28 12:14:48,604 [ 1] INFO  PhotonHostRuntime.PhotonDomainManager - Photon SDK:4.0.28.11245
2017-03-28 12:14:48,638 [ 1] INFO  PhotonHostRuntime.PhotonDomainManager - AssemblyLoadEvent: Photon.SocketServer, Version=4.0.28.11245, Culture=neutral, PublicKeyToken=48c2fa3b6988090e from file:///C:/Users/urbanlab/Desktop/vrsPORT/Photon Server/Photon-OnPremise-Server-SDK_v4-0-29-11263/deploy/LoadBalancing/GameServer/bin/Photon.SocketServer.DLL
2017-03-28 12:14:48,666 [ 1] INFO  PhotonHostRuntime.PhotonDomainManager - AssemblyLoadEvent: Photon.Common, Version=4.0.28.11221, Culture=neutral, PublicKeyToken=null from file:///C:/Users/urbanlab/Desktop/vrsPORT/Photon Server/Photon-OnPremise-Server-SDK_v4-0-29-11263/deploy/LoadBalancing/GameServer/bin/Photon.Common.DLL
2017-03-28 12:14:48,695 [ 1] INFO  PhotonHostRuntime.PhotonDomainManager - AssemblyLoadEvent: ExitGamesLibs, Version=1.0.4.0, Culture=neutral, PublicKeyToken=eac0edd9746a4aa0 from file:///C:/Users/urbanlab/Desktop/vrsPORT/Photon Server/Photon-OnPremise-Server-SDK_v4-0-29-11263/deploy/LoadBalancing/GameServer/bin/ExitGamesLibs.DLL
2017-03-28 12:14:48,727 [ 1] INFO  PhotonHostRuntime.PhotonDomainManager - AssemblyLoadEvent: PhotonHive, Version=4.0.28.11221, Culture=neutral, PublicKeyToken=null from file:///C:/Users/urbanlab/Desktop/vrsPORT/Photon Server/Photon-OnPremise-Server-SDK_v4-0-29-11263/deploy/LoadBalancing/GameServer/bin/PhotonHive.DLL
2017-03-28 12:14:48,759 [ 1] INFO  PhotonHostRuntime.PhotonDomainManager - Starting: name = 'Game', assemblyName = 'Photon.LoadBalancing', typeName = 'Photon.LoadBalancing.GameServer.GameApplication'
2017-03-28 12:14:48,763 [ 1] INFO  PhotonHostRuntime.PhotonDomainManager - CreateAppDomain: name = 'CounterPublisher' , assemblyName = 'CounterPublisher'
2017-03-28 12:14:48,767 [ 1] INFO  PhotonHostRuntime.PhotonDomainManager -   ApplicationBase = 'C:\Users\urbanlab\Desktop\vrsPORT\Photon Server\Photon-OnPremise-Server-SDK_v4-0-29-11263\deploy'
2017-03-28 12:14:48,770 [ 1] INFO  PhotonHostRuntime.PhotonDomainManager -   PrivateBinPath = 'C:\Users\urbanlab\Desktop\vrsPORT\Photon Server\Photon-OnPremise-Server-SDK_v4-0-29-11263\deploy\CounterPublisher\bin;bin_Win64;Shared;'
2017-03-28 12:14:48,774 [ 1] INFO  PhotonHostRuntime.PhotonDomainManager -   ConfigurationFile = 'C:\Users\urbanlab\Desktop\vrsPORT\Photon Server\Photon-OnPremise-Server-SDK_v4-0-29-11263\deploy\CounterPublisher\bin\CounterPublisher.dll.config'
2017-03-28 12:14:48,777 [ 1] INFO  PhotonHostRuntime.PhotonDomainManager -   CachePath = 'C:\Users\urbanlab\Desktop\vrsPORT\Photon Server\Photon-OnPremise-Server-SDK_v4-0-29-11263\deploy\CounterPublisher\bin\Cache'
2017-03-28 12:14:48,874 [ 1] INFO  PhotonHostRuntime.PhotonDomainManager -   ApplicationPath = 'C:\Users\urbanlab\Desktop\vrsPORT\Photon Server\Photon-OnPremise-Server-SDK_v4-0-29-11263\deploy\CounterPublisher'
2017-03-28 12:14:48,878 [ 1] INFO  PhotonHostRuntime.PhotonDomainManager -   BinaryPath = 'C:\Users\urbanlab\Desktop\vrsPORT\Photon Server\Photon-OnPremise-Server-SDK_v4-0-29-11263\deploy\CounterPublisher\bin'
2017-03-28 12:14:48,882 [ 1] INFO  PhotonHostRuntime.PhotonDomainManager -   ApplicationRootPath = 'C:\Users\urbanlab\Desktop\vrsPORT\Photon Server\Photon-OnPremise-Server-SDK_v4-0-29-11263\deploy'
2017-03-28 12:14:48,885 [ 1] INFO  PhotonHostRuntime.PhotonDomainManager -   UnmanagedLogPath = 'C:\Users\urbanlab\Desktop\vrsPORT\Photon Server\Photon-OnPremise-Server-SDK_v4-0-29-11263\deploy\bin_Win64\log'
2017-03-28 12:14:48,914 [ 1] INFO  PhotonHostRuntime.PhotonDomainManager - AssemblyLoadEvent: CounterPublisher, Version=4.0.28.11221, Culture=neutral, PublicKeyToken=null from file:///C:/Users/urbanlab/Desktop/vrsPORT/Photon Server/Photon-OnPremise-Server-SDK_v4-0-29-11263/deploy/CounterPublisher/bin/CounterPublisher.DLL
2017-03-28 12:14:48,918 [ 1] INFO  PhotonHostRuntime.PhotonDomainManager - Photon SDK:4.0.28.11245
2017-03-28 12:14:48,953 [ 1] INFO  PhotonHostRuntime.PhotonDomainManager - AssemblyLoadEvent: Photon.SocketServer, Version=4.0.28.11245, Culture=neutral, PublicKeyToken=48c2fa3b6988090e from file:///C:/Users/urbanlab/Desktop/vrsPORT/Photon Server/Photon-OnPremise-Server-SDK_v4-0-29-11263/deploy/CounterPublisher/bin/Photon.SocketServer.DLL
2017-03-28 12:14:48,983 [ 1] INFO  PhotonHostRuntime.PhotonDomainManager - AssemblyLoadEvent: ExitGamesLibs, Version=1.0.4.0, Culture=neutral, PublicKeyToken=eac0edd9746a4aa0 from file:///C:/Users/urbanlab/Desktop/vrsPORT/Photon Server/Photon-OnPremise-Server-SDK_v4-0-29-11263/deploy/CounterPublisher/bin/ExitGamesLibs.DLL
2017-03-28 12:14:48,989 [ 1] INFO  PhotonHostRuntime.PhotonDomainManager - Starting: name = 'CounterPublisher', assemblyName = 'CounterPublisher', typeName = 'Photon.CounterPublisher.Application'
2017-03-28 12:14:49,022 [ 1] INFO  PhotonHostRuntime.PhotonDomainManager - PhotonRunning: ApplicationName = 'CounterPublisher', DomainId='4' -- calling Application.Setup
2017-03-28 12:14:49,034 [ 1] INFO  PhotonHostRuntime.PhotonDomainManager - AssemblyLoadEvent: ExitGames.Logging.Log4Net, Version=1.0.4.0, Culture=neutral, PublicKeyToken=eac0edd9746a4aa0 from file:///C:/Users/urbanlab/Desktop/vrsPORT/Photon Server/Photon-OnPremise-Server-SDK_v4-0-29-11263/deploy/CounterPublisher/bin/ExitGames.Logging.Log4Net.DLL
2017-03-28 12:14:52,602 [ 1] INFO  PhotonHostRuntime.PhotonDomainManager - PhotonRunning: ApplicationName = 'Game', DomainId='3' -- calling Application.Setup
2017-03-28 12:14:52,617 [ 1] INFO  PhotonHostRuntime.PhotonDomainManager - AssemblyLoadEvent: ExitGames.Logging.Log4Net, Version=1.0.4.0, Culture=neutral, PublicKeyToken=eac0edd9746a4aa0 from file:///C:/Users/urbanlab/Desktop/vrsPORT/Photon Server/Photon-OnPremise-Server-SDK_v4-0-29-11263/deploy/LoadBalancing/GameServer/bin/ExitGames.Logging.Log4Net.DLL
2017-03-28 12:15:05,910 [ 1] INFO  PhotonHostRuntime.PhotonDomainManager - AssemblyLoadEvent: System.resources, Version=4.0.0.0, Culture=fr, PublicKeyToken=b77a5c561934e089 from file:///C:/WINDOWS/Microsoft.Net/assembly/GAC_MSIL/System.resources/v4.0_4.0.0.0_fr_b77a5c561934e089/System.resources.dll
2017-03-28 12:15:46,167 [ 1] INFO  PhotonHostRuntime.PhotonDomainManager - AssemblyLoadEvent: PhotonHivePlugin, Version=1.0.15.11060, Culture=neutral, PublicKeyToken=null from file:///C:/Users/urbanlab/Desktop/vrsPORT/Photon Server/Photon-OnPremise-Server-SDK_v4-0-29-11263/deploy/LoadBalancing/GameServer/bin/PhotonHivePlugin.DLL
2017-03-28 12:15:46,226 [ 1] INFO  PhotonHostRuntime.PhotonDomainManager - PhotonRunning: ApplicationName = 'Master', DomainId='2' -- calling Application.Setup
2017-03-28 12:15:46,380 [ 1] INFO  PhotonHostRuntime.PhotonDomainManager - AssemblyLoadEvent: Photon.Common, Version=4.0.28.11221, Culture=neutral, PublicKeyToken=null from file:///C:/Users/urbanlab/Desktop/vrsPORT/Photon Server/Photon-OnPremise-Server-SDK_v4-0-29-11263/deploy/LoadBalancing/Master/bin/Photon.Common.DLL
2017-03-28 12:15:46,394 [ 1] INFO  PhotonHostRuntime.PhotonDomainManager - AssemblyLoadEvent: ExitGames.Logging.Log4Net, Version=1.0.4.0, Culture=neutral, PublicKeyToken=eac0edd9746a4aa0 from file:///C:/Users/urbanlab/Desktop/vrsPORT/Photon Server/Photon-OnPremise-Server-SDK_v4-0-29-11263/deploy/LoadBalancing/Master/bin/ExitGames.Logging.Log4Net.DLL
2017-03-28 12:15:59,510 [ 1] INFO  PhotonHostRuntime.PhotonDomainManager - AssemblyLoadEvent: System.resources, Version=4.0.0.0, Culture=fr, PublicKeyToken=b77a5c561934e089 from file:///C:/WINDOWS/Microsoft.Net/assembly/GAC_MSIL/System.resources/v4.0_4.0.0.0_fr_b77a5c561934e089/System.resources.dll
2017-03-28 12:16:05,006 [ 1] INFO  PhotonHostRuntime.PhotonDomainManager - AssemblyLoadEvent: PhotonHive, Version=4.0.28.11221, Culture=neutral, PublicKeyToken=null from file:///C:/Users/urbanlab/Desktop/vrsPORT/Photon Server/Photon-OnPremise-Server-SDK_v4-0-29-11263/deploy/LoadBalancing/Master/bin/PhotonHive.DLL
2017-03-28 12:16:05,249 [ 1] INFO  PhotonHostRuntime.PhotonDomainManager - AssemblyLoadEvent: ServiceStack.Redis, Version=3.9.71.0, Culture=neutral, PublicKeyToken=null from file:///C:/Users/urbanlab/Desktop/vrsPORT/Photon Server/Photon-OnPremise-Server-SDK_v4-0-29-11263/deploy/LoadBalancing/Master/bin/ServiceStack.Redis.DLL
2017-03-28 12:16:05,364 [ 1] INFO  PhotonHostRuntime.PhotonDomainManager - AssemblyLoadEvent: ServiceStack.Interfaces, Version=1.0.0.0, Culture=neutral, PublicKeyToken=null from file:///C:/Users/urbanlab/Desktop/vrsPORT/Photon Server/Photon-OnPremise-Server-SDK_v4-0-29-11263/deploy/LoadBalancing/Master/bin/ServiceStack.Interfaces.DLL
2017-03-28 12:16:05,397 [ 1] INFO  PhotonHostRuntime.PhotonDomainManager - AssemblyLoadEvent: System.Web, Version=4.0.0.0, Culture=neutral, PublicKeyToken=b03f5f7f11d50a3a from file:///C:/WINDOWS/Microsoft.Net/assembly/GAC_64/System.Web/v4.0_4.0.0.0__b03f5f7f11d50a3a/System.Web.dll
2017-03-28 12:16:05,850 [ 1] INFO  PhotonHostRuntime.PhotonDomainManager - PhotonRunning: ApplicationName = 'DefaultDomain', DomainId='1'
2017-03-28 12:16:06,194 [15] INFO  PhotonHostRuntime.PhotonDomainManager - AssemblyLoadEvent: PhotonHivePlugin, Version=1.0.15.11060, Culture=neutral, PublicKeyToken=null from file:///C:/Users/urbanlab/Desktop/vrsPORT/Photon Server/Photon-OnPremise-Server-SDK_v4-0-29-11263/deploy/LoadBalancing/Master/bin/PhotonHivePlugin.DLL
