2017-03-26 18:41:12,473 [1] INFO  Photon.LoadBalancing.GameServer.GameApplication - Setup: serverId=f92ac77b-de73-403c-954d-07430a77604b
2017-03-26 18:41:12,706 [1] INFO  Photon.SocketServer.Diagnostics.PerfCounterManagerBase - PerformanceCounter category 'Photon: Http Queue Counters' does not exists and will be created
2017-03-26 18:41:12,843 [1] INFO  Photon.SocketServer.Diagnostics.HttpQueuePerformanceCounters - HTTP Queue performance counters successfully initialized
2017-03-26 18:41:12,845 [1] INFO  Photon.SocketServer.Diagnostics.HttpQueuePerformanceCounters - Internal HTTP Queue performance counters successfully created
2017-03-26 18:41:12,853 [1] INFO  Photon.LoadBalancing.GameServer.GameApplication - TokenCreator intialized with an expiration of 02:46:40
2017-03-26 18:41:13,118 [1] WARN  Photon.Common.LoadBalancer.LoadShedding.WorkloadController - Did not find counter Business Logic Queue
2017-03-26 18:41:13,119 [1] WARN  Photon.Common.LoadBalancer.LoadShedding.WorkloadController - Did not find counter ENet Queue
2017-03-26 18:41:13,119 [1] WARN  Photon.Common.LoadBalancer.LoadShedding.WorkloadController - Did not find counter bytes in/sec
2017-03-26 18:41:13,119 [1] WARN  Photon.Common.LoadBalancer.LoadShedding.WorkloadController - Did not find counter bytes out/sec
2017-03-26 18:41:13,120 [1] WARN  Photon.Common.LoadBalancer.LoadShedding.WorkloadController - Did not find counter ENet Threads Processing
2017-03-26 18:41:13,120 [1] WARN  Photon.Common.LoadBalancer.LoadShedding.WorkloadController - Did not find counter ENet Threads Active
2017-03-26 18:41:13,120 [1] WARN  Photon.Common.LoadBalancer.LoadShedding.WorkloadController - Did not find counter Time Spent In Server: In (ms)
2017-03-26 18:41:13,121 [1] WARN  Photon.Common.LoadBalancer.LoadShedding.WorkloadController - Did not find counter Time Spent In Server: Out (ms)
2017-03-26 18:41:13,121 [1] WARN  Photon.Common.LoadBalancer.LoadShedding.WorkloadController - Did not find counter TCP: Disconnected Peers +/sec
2017-03-26 18:41:13,121 [1] WARN  Photon.Common.LoadBalancer.LoadShedding.WorkloadController - Did not find counter TCP: Disconnected Peers (C) +/sec
2017-03-26 18:41:13,121 [1] WARN  Photon.Common.LoadBalancer.LoadShedding.WorkloadController - Did not find counter TCP: Peers
2017-03-26 18:41:13,121 [1] WARN  Photon.Common.LoadBalancer.LoadShedding.WorkloadController - Did not find counter UDP: Disconnected Peers +/sec
2017-03-26 18:41:13,122 [1] WARN  Photon.Common.LoadBalancer.LoadShedding.WorkloadController - Did not find counter UDP: Disconnected Peers (C) +/sec
2017-03-26 18:41:13,122 [1] WARN  Photon.Common.LoadBalancer.LoadShedding.WorkloadController - Did not find counter UDP: Peers
2017-03-26 18:41:13,136 [1] WARN  Photon.Common.LoadBalancer.LoadShedding.FeedbackControlSystem - Could not initialize Feedback Control System from configuration: Invalid configuration file D:\Downloads\Photon Server\Photon-OnPremise-Server-SDK_v4-0-29-11263\deploy\Workload.config. Using default settings... (Could not find file 'D:\Downloads\Photon Server\Photon-OnPremise-Server-SDK_v4-0-29-11263\deploy\Workload.config'.)
2017-03-26 18:41:13,146 [1] INFO  Photon.Common.LoadBalancer.ServerStateManager - Watching for application state file in D:\Downloads\Photon Server\Photon-OnPremise-Server-SDK_v4-0-29-11263\deploy\ServerState.txt
2017-03-26 18:41:13,148 [1] INFO  Photon.Common.LoadBalancer.ServerStateManager - Server state is set to online
2017-03-26 18:41:13,149 [1] INFO  Photon.LoadBalancing.GameServer.GameApplication - Initializing master server connection ...
2017-03-26 18:41:13,174 [1] INFO  Photon.LoadBalancing.GameServer.MasterServerConnectionBase - Connecting to master at 127.0.0.1:4520, serverId=f92ac77b-de73-403c-954d-07430a77604b
2017-03-26 18:41:13,199 [1] INFO  Photon.SocketServer.ApplicationBase - Application start: AppId=Game; AppPath=D:\Downloads\Photon Server\Photon-OnPremise-Server-SDK_v4-0-29-11263\deploy\LoadBalancing\GameServer, Type=Photon.LoadBalancing.GameServer.GameApplication 
2017-03-26 18:41:13,205 [1] INFO  Photon.SocketServer.Diagnostics.CounterPublisher - CounterPublisher started publishing ExitGames.Diagnostics.Monitoring.CounterSamplePublisher to ExitGames.Diagnostics.Monitoring.CounterSampleSender
2017-03-26 18:41:13,917 [11] INFO  Photon.LoadBalancing.GameServer.MasterServerConnectionBase - Master connection established: address:127.0.0.1
2017-03-26 18:41:13,917 [11] INFO  Photon.Common.LoadBalancer.ServerStateManager - Server state is set to online
2017-03-26 18:41:13,921 [11] INFO  Photon.LoadBalancing.GameServer.OutgoingMasterServerPeer - Registering game server with address 127.0.0.1, TCP 4531, UDP 5056, WebSocket 9091, Secure WebSocket 19091, HTTP 80, ServerID f92ac77b-de73-403c-954d-07430a77604b, Hostname localhost, IPv6Address 
2017-03-26 18:41:14,010 [10] INFO  Photon.LoadBalancing.GameServer.OutgoingMasterServerPeer - Successfully registered at master server: serverId=f92ac77b-de73-403c-954d-07430a77604b
2017-03-26 18:48:20,496 [14] INFO  Photon.Common.LoadBalancer.LoadShedding.FeedbackController - Transit CpuUsage from Lowest to Low with input 35
2017-03-26 18:48:20,496 [14] INFO  Photon.Common.LoadBalancer.LoadShedding.WorkloadController - FeedbackLevel changed: old=Lowest, new=Low
2017-03-26 19:01:25,848 [20] INFO  Photon.Common.LoadBalancer.LoadShedding.FeedbackController - Transit CpuUsage from Low to Normal with input 50
2017-03-26 19:01:25,849 [20] INFO  Photon.Common.LoadBalancer.LoadShedding.WorkloadController - FeedbackLevel changed: old=Low, new=Normal
2017-03-26 19:03:38,793 [20] INFO  Photon.Common.LoadBalancer.LoadShedding.FeedbackController - Transit CpuUsage from Normal to Low with input 35
2017-03-26 19:03:38,806 [20] INFO  Photon.Common.LoadBalancer.LoadShedding.WorkloadController - FeedbackLevel changed: old=Normal, new=Low
2017-03-26 22:47:45,702 [9] INFO  Photon.Common.LoadBalancer.LoadShedding.FeedbackController - Transit CpuUsage from Low to Normal with input 50
2017-03-26 22:47:45,702 [9] INFO  Photon.Common.LoadBalancer.LoadShedding.WorkloadController - FeedbackLevel changed: old=Low, new=Normal
2017-03-26 23:06:00,995 [4] INFO  Photon.Common.LoadBalancer.LoadShedding.FeedbackController - Transit CpuUsage from Normal to Low with input 35
2017-03-26 23:06:00,995 [4] INFO  Photon.Common.LoadBalancer.LoadShedding.WorkloadController - FeedbackLevel changed: old=Normal, new=Low
2017-03-26 23:09:42,278 [4] INFO  Photon.Common.LoadBalancer.LoadShedding.FeedbackController - Transit CpuUsage from Low to Normal with input 50
2017-03-26 23:09:42,278 [4] INFO  Photon.Common.LoadBalancer.LoadShedding.WorkloadController - FeedbackLevel changed: old=Low, new=Normal
2017-03-26 23:12:29,621 [10] INFO  Photon.Common.LoadBalancer.LoadShedding.FeedbackController - Transit CpuUsage from Normal to High with input 70
2017-03-26 23:12:29,621 [10] INFO  Photon.Common.LoadBalancer.LoadShedding.WorkloadController - FeedbackLevel changed: old=Normal, new=High
2017-03-26 23:18:15,028 [4] INFO  Photon.Common.LoadBalancer.LoadShedding.FeedbackController - Transit CpuUsage from High to Normal with input 50
2017-03-26 23:18:15,028 [4] INFO  Photon.Common.LoadBalancer.LoadShedding.WorkloadController - FeedbackLevel changed: old=High, new=Normal
2017-03-26 23:21:38,292 [15] INFO  Photon.Common.LoadBalancer.LoadShedding.FeedbackController - Transit CpuUsage from Normal to Low with input 35
2017-03-26 23:21:38,293 [15] INFO  Photon.Common.LoadBalancer.LoadShedding.WorkloadController - FeedbackLevel changed: old=Normal, new=Low
2017-03-26 23:36:06,254 [22] INFO  Photon.Common.LoadBalancer.LoadShedding.FeedbackController - Transit CpuUsage from Low to Normal with input 50
2017-03-26 23:36:06,254 [22] INFO  Photon.Common.LoadBalancer.LoadShedding.WorkloadController - FeedbackLevel changed: old=Low, new=Normal
2017-03-26 23:39:34,401 [27] INFO  Photon.Common.LoadBalancer.LoadShedding.FeedbackController - Transit CpuUsage from Normal to Low with input 35
2017-03-26 23:39:34,401 [27] INFO  Photon.Common.LoadBalancer.LoadShedding.WorkloadController - FeedbackLevel changed: old=Normal, new=Low
2017-03-26 23:40:33,776 [15] INFO  Photon.Common.LoadBalancer.LoadShedding.FeedbackController - Transit CpuUsage from Low to Lowest with input 20
2017-03-26 23:40:33,778 [15] INFO  Photon.Common.LoadBalancer.LoadShedding.WorkloadController - FeedbackLevel changed: old=Low, new=Lowest
2017-03-26 23:44:03,200 [9] INFO  Photon.Common.LoadBalancer.LoadShedding.FeedbackController - Transit CpuUsage from Lowest to Low with input 35
2017-03-26 23:44:03,200 [9] INFO  Photon.Common.LoadBalancer.LoadShedding.WorkloadController - FeedbackLevel changed: old=Lowest, new=Low
2017-03-26 23:44:36,627 [6] INFO  Photon.Common.LoadBalancer.LoadShedding.FeedbackController - Transit CpuUsage from Low to Normal with input 50
2017-03-26 23:44:36,628 [6] INFO  Photon.Common.LoadBalancer.LoadShedding.WorkloadController - FeedbackLevel changed: old=Low, new=Normal
2017-03-26 23:46:14,088 [21] INFO  Photon.Common.LoadBalancer.LoadShedding.FeedbackController - Transit CpuUsage from Normal to High with input 70
2017-03-26 23:46:14,089 [21] INFO  Photon.Common.LoadBalancer.LoadShedding.WorkloadController - FeedbackLevel changed: old=Normal, new=High
2017-03-26 23:47:00,588 [18] INFO  Photon.Common.LoadBalancer.LoadShedding.FeedbackController - Transit CpuUsage from High to Highest with input 90
2017-03-26 23:47:00,589 [18] INFO  Photon.Common.LoadBalancer.LoadShedding.WorkloadController - FeedbackLevel changed: old=High, new=Highest
2017-03-27 00:27:56,622 [24] INFO  Photon.Common.LoadBalancer.LoadShedding.FeedbackController - Transit CpuUsage from Highest to Normal with input 50
2017-03-27 00:27:56,623 [24] INFO  Photon.Common.LoadBalancer.LoadShedding.WorkloadController - FeedbackLevel changed: old=Highest, new=Normal
2017-03-27 00:30:22,729 [17] INFO  Photon.Common.LoadBalancer.LoadShedding.FeedbackController - Transit CpuUsage from Normal to High with input 70
2017-03-27 00:30:22,730 [17] INFO  Photon.Common.LoadBalancer.LoadShedding.WorkloadController - FeedbackLevel changed: old=Normal, new=High
2017-03-27 00:44:46,713 [12] INFO  Photon.Common.LoadBalancer.LoadShedding.FeedbackController - Transit CpuUsage from High to Normal with input 50
2017-03-27 00:44:46,713 [12] INFO  Photon.Common.LoadBalancer.LoadShedding.WorkloadController - FeedbackLevel changed: old=High, new=Normal
2017-03-27 00:45:11,841 [28] INFO  Photon.Common.LoadBalancer.LoadShedding.FeedbackController - Transit CpuUsage from Normal to Low with input 35
2017-03-27 00:45:11,841 [28] INFO  Photon.Common.LoadBalancer.LoadShedding.WorkloadController - FeedbackLevel changed: old=Normal, new=Low
2017-03-27 00:45:45,058 [29] INFO  Photon.Common.LoadBalancer.LoadShedding.FeedbackController - Transit CpuUsage from Low to Lowest with input 20
2017-03-27 00:45:45,058 [29] INFO  Photon.Common.LoadBalancer.LoadShedding.WorkloadController - FeedbackLevel changed: old=Low, new=Lowest
2017-03-27 01:03:34,042 [28] INFO  Photon.Common.LoadBalancer.LoadShedding.FeedbackController - Transit CpuUsage from Lowest to Low with input 35
2017-03-27 01:03:34,042 [28] INFO  Photon.Common.LoadBalancer.LoadShedding.WorkloadController - FeedbackLevel changed: old=Lowest, new=Low
2017-03-27 01:04:47,432 [17] INFO  Photon.Common.LoadBalancer.LoadShedding.FeedbackController - Transit CpuUsage from Low to Lowest with input 20
2017-03-27 01:04:47,432 [17] INFO  Photon.Common.LoadBalancer.LoadShedding.WorkloadController - FeedbackLevel changed: old=Low, new=Lowest
2017-03-27 01:10:17,497 [9] INFO  Photon.Common.LoadBalancer.LoadShedding.FeedbackController - Transit CpuUsage from Lowest to Low with input 35
2017-03-27 01:10:17,497 [9] INFO  Photon.Common.LoadBalancer.LoadShedding.WorkloadController - FeedbackLevel changed: old=Lowest, new=Low
2017-03-27 01:14:12,886 [18] INFO  Photon.Common.LoadBalancer.LoadShedding.FeedbackController - Transit CpuUsage from Low to Lowest with input 20
2017-03-27 01:14:12,887 [18] INFO  Photon.Common.LoadBalancer.LoadShedding.WorkloadController - FeedbackLevel changed: old=Low, new=Lowest
2017-03-27 01:50:46,420 [48] INFO  Photon.Common.LoadBalancer.LoadShedding.FeedbackController - Transit CpuUsage from Lowest to Low with input 35
2017-03-27 01:50:46,420 [48] INFO  Photon.Common.LoadBalancer.LoadShedding.WorkloadController - FeedbackLevel changed: old=Lowest, new=Low
2017-03-27 01:52:52,215 [23] INFO  Photon.Common.LoadBalancer.LoadShedding.FeedbackController - Transit CpuUsage from Low to Lowest with input 20
2017-03-27 01:52:52,215 [23] INFO  Photon.Common.LoadBalancer.LoadShedding.WorkloadController - FeedbackLevel changed: old=Low, new=Lowest
2017-03-27 01:57:43,887 [31] WARN  ExitGames.Diagnostics.Monitoring.Protocol.PhotonBinaryWriterBase - SendData: Publishing counter data failed for the 0 time: An operation on a socket could not be performed because the system lacked sufficient buffer space or because a queue was full
2017-03-27 09:09:40,909 [31] WARN  Photon.SocketServer.Diagnostics.CounterPublisher - Failed to publish counter data. Counter publisher will retry publishing infinitely: An operation on a socket could not be performed because the system lacked sufficient buffer space or because a queue was full
2017-03-27 09:34:39,075 [45] INFO  Photon.Common.LoadBalancer.LoadShedding.FeedbackController - Transit CpuUsage from Lowest to Low with input 35
2017-03-27 09:34:39,079 [45] INFO  Photon.Common.LoadBalancer.LoadShedding.WorkloadController - FeedbackLevel changed: old=Lowest, new=Low
2017-03-27 09:35:15,329 [15] INFO  Photon.Common.LoadBalancer.LoadShedding.FeedbackController - Transit CpuUsage from Low to Normal with input 50
2017-03-27 09:35:15,329 [15] INFO  Photon.Common.LoadBalancer.LoadShedding.WorkloadController - FeedbackLevel changed: old=Low, new=Normal
2017-03-27 09:36:27,793 [35] INFO  Photon.Common.LoadBalancer.LoadShedding.FeedbackController - Transit CpuUsage from Normal to Low with input 35
2017-03-27 09:36:27,793 [35] INFO  Photon.Common.LoadBalancer.LoadShedding.WorkloadController - FeedbackLevel changed: old=Normal, new=Low
2017-03-27 09:37:09,043 [44] INFO  Photon.Common.LoadBalancer.LoadShedding.FeedbackController - Transit CpuUsage from Low to Lowest with input 20
2017-03-27 09:37:09,043 [44] INFO  Photon.Common.LoadBalancer.LoadShedding.WorkloadController - FeedbackLevel changed: old=Low, new=Lowest
2017-03-27 09:50:47,482 [37] INFO  Photon.Common.LoadBalancer.LoadShedding.FeedbackController - Transit CpuUsage from Lowest to Low with input 35
2017-03-27 09:50:47,483 [37] INFO  Photon.Common.LoadBalancer.LoadShedding.WorkloadController - FeedbackLevel changed: old=Lowest, new=Low
2017-03-27 10:00:26,829 [10] INFO  Photon.Common.LoadBalancer.LoadShedding.FeedbackController - Transit CpuUsage from Low to Normal with input 50
2017-03-27 10:00:26,830 [10] INFO  Photon.Common.LoadBalancer.LoadShedding.WorkloadController - FeedbackLevel changed: old=Low, new=Normal
2017-03-27 10:03:06,886 [40] INFO  Photon.Common.LoadBalancer.LoadShedding.FeedbackController - Transit CpuUsage from Normal to Low with input 35
2017-03-27 10:03:06,886 [40] INFO  Photon.Common.LoadBalancer.LoadShedding.WorkloadController - FeedbackLevel changed: old=Normal, new=Low
2017-03-27 10:03:47,059 [39] INFO  Photon.Common.LoadBalancer.LoadShedding.FeedbackController - Transit CpuUsage from Low to Lowest with input 20
2017-03-27 10:03:47,059 [39] INFO  Photon.Common.LoadBalancer.LoadShedding.WorkloadController - FeedbackLevel changed: old=Low, new=Lowest
2017-03-27 10:11:40,932 [33] INFO  Photon.Common.LoadBalancer.LoadShedding.FeedbackController - Transit CpuUsage from Lowest to Low with input 35
2017-03-27 10:11:40,932 [33] INFO  Photon.Common.LoadBalancer.LoadShedding.WorkloadController - FeedbackLevel changed: old=Lowest, new=Low
2017-03-27 10:22:32,986 [40] INFO  Photon.Common.LoadBalancer.LoadShedding.FeedbackController - Transit CpuUsage from Low to Lowest with input 20
2017-03-27 10:22:32,986 [40] INFO  Photon.Common.LoadBalancer.LoadShedding.WorkloadController - FeedbackLevel changed: old=Low, new=Lowest
2017-03-27 11:05:28,869 [40] INFO  Photon.Common.LoadBalancer.LoadShedding.FeedbackController - Transit CpuUsage from Lowest to Low with input 35
2017-03-27 11:05:28,872 [40] INFO  Photon.Common.LoadBalancer.LoadShedding.WorkloadController - FeedbackLevel changed: old=Lowest, new=Low
2017-03-27 11:11:44,558 [43] WARN  ExitGames.Diagnostics.Monitoring.Protocol.PhotonBinaryWriterBase - SendData: Publishing counter data failed for the 0 time: An operation on a socket could not be performed because the system lacked sufficient buffer space or because a queue was full
2017-03-27 11:11:44,558 [43] WARN  Photon.SocketServer.Diagnostics.CounterPublisher - Failed to publish counter data. Counter publisher will retry publishing infinitely: An operation on a socket could not be performed because the system lacked sufficient buffer space or because a queue was full
2017-03-27 11:48:36,511 [40] INFO  Photon.Common.LoadBalancer.LoadShedding.FeedbackController - Transit CpuUsage from Low to Normal with input 50
2017-03-27 11:48:36,512 [40] INFO  Photon.Common.LoadBalancer.LoadShedding.WorkloadController - FeedbackLevel changed: old=Low, new=Normal
2017-03-27 12:02:38,246 [10] INFO  Photon.Common.LoadBalancer.LoadShedding.FeedbackController - Transit CpuUsage from Normal to Low with input 35
2017-03-27 12:02:38,247 [10] INFO  Photon.Common.LoadBalancer.LoadShedding.WorkloadController - FeedbackLevel changed: old=Normal, new=Low
2017-03-27 12:08:04,948 [9] INFO  Photon.Common.LoadBalancer.LoadShedding.FeedbackController - Transit CpuUsage from Low to Normal with input 50
2017-03-27 12:08:04,949 [9] INFO  Photon.Common.LoadBalancer.LoadShedding.WorkloadController - FeedbackLevel changed: old=Low, new=Normal
2017-03-27 12:15:01,109 [41] INFO  Photon.Common.LoadBalancer.LoadShedding.FeedbackController - Transit CpuUsage from Normal to Low with input 35
2017-03-27 12:15:01,110 [41] INFO  Photon.Common.LoadBalancer.LoadShedding.WorkloadController - FeedbackLevel changed: old=Normal, new=Low
2017-03-27 12:15:49,324 [4] INFO  Photon.Common.LoadBalancer.LoadShedding.FeedbackController - Transit CpuUsage from Low to Lowest with input 20
2017-03-27 12:15:49,325 [4] INFO  Photon.Common.LoadBalancer.LoadShedding.WorkloadController - FeedbackLevel changed: old=Low, new=Lowest
2017-03-27 16:10:11,152 [1] INFO  Photon.LoadBalancing.GameServer.GameApplication - Setup: serverId=cfe05938-9b0f-4d3b-9d8b-26c1339df793
2017-03-27 16:10:11,813 [1] INFO  Photon.SocketServer.Diagnostics.PerfCounterManagerBase - PerformanceCounter category 'Photon: Http Queue Counters' does not exists and will be created
2017-03-27 16:10:12,709 [1] INFO  Photon.SocketServer.Diagnostics.HttpQueuePerformanceCounters - HTTP Queue performance counters successfully initialized
2017-03-27 16:10:12,738 [1] INFO  Photon.SocketServer.Diagnostics.HttpQueuePerformanceCounters - Internal HTTP Queue performance counters successfully created
2017-03-27 16:10:12,781 [1] INFO  Photon.LoadBalancing.GameServer.GameApplication - TokenCreator intialized with an expiration of 02:46:40
2017-03-27 16:10:13,297 [1] WARN  Photon.Common.LoadBalancer.LoadShedding.WorkloadController - Did not find counter Business Logic Queue
2017-03-27 16:10:13,303 [1] WARN  Photon.Common.LoadBalancer.LoadShedding.WorkloadController - Did not find counter ENet Queue
2017-03-27 16:10:13,309 [1] WARN  Photon.Common.LoadBalancer.LoadShedding.WorkloadController - Did not find counter bytes in/sec
2017-03-27 16:10:13,316 [1] WARN  Photon.Common.LoadBalancer.LoadShedding.WorkloadController - Did not find counter bytes out/sec
2017-03-27 16:10:13,322 [1] WARN  Photon.Common.LoadBalancer.LoadShedding.WorkloadController - Did not find counter ENet Threads Processing
2017-03-27 16:10:13,328 [1] WARN  Photon.Common.LoadBalancer.LoadShedding.WorkloadController - Did not find counter ENet Threads Active
2017-03-27 16:10:13,333 [1] WARN  Photon.Common.LoadBalancer.LoadShedding.WorkloadController - Did not find counter Time Spent In Server: In (ms)
2017-03-27 16:10:13,339 [1] WARN  Photon.Common.LoadBalancer.LoadShedding.WorkloadController - Did not find counter Time Spent In Server: Out (ms)
2017-03-27 16:10:13,345 [1] WARN  Photon.Common.LoadBalancer.LoadShedding.WorkloadController - Did not find counter TCP: Disconnected Peers +/sec
2017-03-27 16:10:13,351 [1] WARN  Photon.Common.LoadBalancer.LoadShedding.WorkloadController - Did not find counter TCP: Disconnected Peers (C) +/sec
2017-03-27 16:10:13,357 [1] WARN  Photon.Common.LoadBalancer.LoadShedding.WorkloadController - Did not find counter TCP: Peers
2017-03-27 16:10:13,362 [1] WARN  Photon.Common.LoadBalancer.LoadShedding.WorkloadController - Did not find counter UDP: Disconnected Peers +/sec
2017-03-27 16:10:13,368 [1] WARN  Photon.Common.LoadBalancer.LoadShedding.WorkloadController - Did not find counter UDP: Disconnected Peers (C) +/sec
2017-03-27 16:10:13,374 [1] WARN  Photon.Common.LoadBalancer.LoadShedding.WorkloadController - Did not find counter UDP: Peers
2017-03-27 16:10:13,434 [1] WARN  Photon.Common.LoadBalancer.LoadShedding.FeedbackControlSystem - Could not initialize Feedback Control System from configuration: Invalid configuration file C:\Users\Guillaume\Desktop\Photon Server\Photon-OnPremise-Server-SDK_v4-0-29-11263\deploy\Workload.config. Using default settings... (Le fichier 'C:\Users\Guillaume\Desktop\Photon Server\Photon-OnPremise-Server-SDK_v4-0-29-11263\deploy\Workload.config' est introuvable.)
2017-03-27 16:10:13,448 [1] INFO  Photon.Common.LoadBalancer.ServerStateManager - Watching for application state file in C:\Users\Guillaume\Desktop\Photon Server\Photon-OnPremise-Server-SDK_v4-0-29-11263\deploy\ServerState.txt
2017-03-27 16:10:13,468 [1] INFO  Photon.Common.LoadBalancer.ServerStateManager - Server state is set to online
2017-03-27 16:10:13,475 [1] INFO  Photon.LoadBalancing.GameServer.GameApplication - Initializing master server connection ...
2017-03-27 16:10:13,908 [1] INFO  Photon.LoadBalancing.GameServer.MasterServerConnectionBase - Connecting to master at 127.0.0.1:4520, serverId=cfe05938-9b0f-4d3b-9d8b-26c1339df793
2017-03-27 16:10:13,942 [1] INFO  Photon.SocketServer.ApplicationBase - Application start: AppId=Game; AppPath=C:\Users\Guillaume\Desktop\Photon Server\Photon-OnPremise-Server-SDK_v4-0-29-11263\deploy\LoadBalancing\GameServer, Type=Photon.LoadBalancing.GameServer.GameApplication 
2017-03-27 16:10:13,956 [1] INFO  Photon.SocketServer.Diagnostics.CounterPublisher - CounterPublisher started publishing ExitGames.Diagnostics.Monitoring.CounterSamplePublisher to ExitGames.Diagnostics.Monitoring.CounterSampleSender
2017-03-27 16:10:16,159 [12] INFO  Photon.LoadBalancing.GameServer.MasterServerConnectionBase - Master connection established: address:127.0.0.1
2017-03-27 16:10:16,191 [12] INFO  Photon.Common.LoadBalancer.ServerStateManager - Server state is set to online
2017-03-27 16:10:16,215 [12] INFO  Photon.LoadBalancing.GameServer.OutgoingMasterServerPeer - Registering game server with address 192.168.81.11, TCP 4531, UDP 5056, WebSocket 9091, Secure WebSocket 19091, HTTP 80, ServerID cfe05938-9b0f-4d3b-9d8b-26c1339df793, Hostname localhost, IPv6Address 
2017-03-27 16:10:16,394 [15] INFO  Photon.LoadBalancing.GameServer.OutgoingMasterServerPeer - Successfully registered at master server: serverId=cfe05938-9b0f-4d3b-9d8b-26c1339df793
2017-03-27 16:27:01,972 [32] INFO  Photon.Common.LoadBalancer.LoadShedding.FeedbackController - Transit CpuUsage from Lowest to Low with input 35
2017-03-27 16:27:02,013 [32] INFO  Photon.Common.LoadBalancer.LoadShedding.WorkloadController - FeedbackLevel changed: old=Lowest, new=Low
2017-03-27 16:30:10,683 [51] INFO  Photon.Common.LoadBalancer.LoadShedding.FeedbackController - Transit CpuUsage from Low to Lowest with input 20
2017-03-27 16:30:10,855 [51] INFO  Photon.Common.LoadBalancer.LoadShedding.WorkloadController - FeedbackLevel changed: old=Low, new=Lowest
2017-03-27 17:48:20,448 [15] INFO  Photon.Common.LoadBalancer.LoadShedding.FeedbackController - Transit CpuUsage from Lowest to Low with input 35
2017-03-27 17:48:20,493 [15] INFO  Photon.Common.LoadBalancer.LoadShedding.WorkloadController - FeedbackLevel changed: old=Lowest, new=Low
2017-03-27 17:52:00,920 [49] INFO  Photon.Common.LoadBalancer.LoadShedding.FeedbackController - Transit CpuUsage from Low to Lowest with input 20
2017-03-27 17:52:00,927 [49] INFO  Photon.Common.LoadBalancer.LoadShedding.WorkloadController - FeedbackLevel changed: old=Low, new=Lowest
2017-03-28 11:50:23,666 [1] INFO  Photon.LoadBalancing.GameServer.GameApplication - Setup: serverId=67543b2d-a416-48f7-8fa1-f054f94ebbfb
2017-03-28 11:50:24,016 [1] INFO  Photon.SocketServer.Diagnostics.HttpQueuePerformanceCounters - HTTP Queue performance counters successfully initialized
2017-03-28 11:50:24,022 [1] INFO  Photon.SocketServer.Diagnostics.HttpQueuePerformanceCounters - Internal HTTP Queue performance counters successfully created
2017-03-28 11:50:24,050 [1] INFO  Photon.LoadBalancing.GameServer.GameApplication - TokenCreator intialized with an expiration of 02:46:40
2017-03-28 11:50:24,351 [1] WARN  Photon.Common.LoadBalancer.LoadShedding.WorkloadController - Did not find counter Business Logic Queue
2017-03-28 11:50:24,357 [1] WARN  Photon.Common.LoadBalancer.LoadShedding.WorkloadController - Did not find counter ENet Queue
2017-03-28 11:50:24,364 [1] WARN  Photon.Common.LoadBalancer.LoadShedding.WorkloadController - Did not find counter bytes in/sec
2017-03-28 11:50:24,371 [1] WARN  Photon.Common.LoadBalancer.LoadShedding.WorkloadController - Did not find counter bytes out/sec
2017-03-28 11:50:24,377 [1] WARN  Photon.Common.LoadBalancer.LoadShedding.WorkloadController - Did not find counter ENet Threads Processing
2017-03-28 11:50:24,384 [1] WARN  Photon.Common.LoadBalancer.LoadShedding.WorkloadController - Did not find counter ENet Threads Active
2017-03-28 11:50:24,390 [1] WARN  Photon.Common.LoadBalancer.LoadShedding.WorkloadController - Did not find counter Time Spent In Server: In (ms)
2017-03-28 11:50:24,397 [1] WARN  Photon.Common.LoadBalancer.LoadShedding.WorkloadController - Did not find counter Time Spent In Server: Out (ms)
2017-03-28 11:50:24,403 [1] WARN  Photon.Common.LoadBalancer.LoadShedding.WorkloadController - Did not find counter TCP: Disconnected Peers +/sec
2017-03-28 11:50:24,409 [1] WARN  Photon.Common.LoadBalancer.LoadShedding.WorkloadController - Did not find counter TCP: Disconnected Peers (C) +/sec
2017-03-28 11:50:24,415 [1] WARN  Photon.Common.LoadBalancer.LoadShedding.WorkloadController - Did not find counter TCP: Peers
2017-03-28 11:50:24,422 [1] WARN  Photon.Common.LoadBalancer.LoadShedding.WorkloadController - Did not find counter UDP: Disconnected Peers +/sec
2017-03-28 11:50:24,428 [1] WARN  Photon.Common.LoadBalancer.LoadShedding.WorkloadController - Did not find counter UDP: Disconnected Peers (C) +/sec
2017-03-28 11:50:24,435 [1] WARN  Photon.Common.LoadBalancer.LoadShedding.WorkloadController - Did not find counter UDP: Peers
2017-03-28 11:50:24,478 [1] WARN  Photon.Common.LoadBalancer.LoadShedding.FeedbackControlSystem - Could not initialize Feedback Control System from configuration: Invalid configuration file C:\Users\Guillaume\Desktop\Photon Server\Photon-OnPremise-Server-SDK_v4-0-29-11263\deploy\Workload.config. Using default settings... (Le fichier 'C:\Users\Guillaume\Desktop\Photon Server\Photon-OnPremise-Server-SDK_v4-0-29-11263\deploy\Workload.config' est introuvable.)
2017-03-28 11:50:24,495 [1] INFO  Photon.Common.LoadBalancer.ServerStateManager - Watching for application state file in C:\Users\Guillaume\Desktop\Photon Server\Photon-OnPremise-Server-SDK_v4-0-29-11263\deploy\ServerState.txt
2017-03-28 11:50:24,535 [1] INFO  Photon.Common.LoadBalancer.ServerStateManager - Server state is set to online
2017-03-28 11:50:24,541 [1] INFO  Photon.LoadBalancing.GameServer.GameApplication - Initializing master server connection ...
2017-03-28 11:50:24,692 [1] INFO  Photon.LoadBalancing.GameServer.MasterServerConnectionBase - Connecting to master at 127.0.0.1:4520, serverId=67543b2d-a416-48f7-8fa1-f054f94ebbfb
2017-03-28 11:50:24,725 [1] INFO  Photon.SocketServer.ApplicationBase - Application start: AppId=Game; AppPath=C:\Users\Guillaume\Desktop\Photon Server\Photon-OnPremise-Server-SDK_v4-0-29-11263\deploy\LoadBalancing\GameServer, Type=Photon.LoadBalancing.GameServer.GameApplication 
2017-03-28 11:50:24,737 [1] INFO  Photon.SocketServer.Diagnostics.CounterPublisher - CounterPublisher started publishing ExitGames.Diagnostics.Monitoring.CounterSamplePublisher to ExitGames.Diagnostics.Monitoring.CounterSampleSender
2017-03-28 11:50:26,117 [14] INFO  Photon.LoadBalancing.GameServer.MasterServerConnectionBase - Master connection established: address:127.0.0.1
2017-03-28 11:50:26,123 [14] INFO  Photon.Common.LoadBalancer.ServerStateManager - Server state is set to online
2017-03-28 11:50:26,133 [14] INFO  Photon.LoadBalancing.GameServer.OutgoingMasterServerPeer - Registering game server with address 192.168.81.11, TCP 4531, UDP 5056, WebSocket 9091, Secure WebSocket 19091, HTTP 80, ServerID 67543b2d-a416-48f7-8fa1-f054f94ebbfb, Hostname localhost, IPv6Address 
2017-03-28 11:50:26,272 [12] INFO  Photon.LoadBalancing.GameServer.OutgoingMasterServerPeer - Successfully registered at master server: serverId=67543b2d-a416-48f7-8fa1-f054f94ebbfb
2017-03-28 12:14:52,718 [1] INFO  Photon.LoadBalancing.GameServer.GameApplication - Setup: serverId=c632f513-af7a-4ad6-8c68-cd6decd1a9d1
2017-03-28 12:15:05,897 [1] INFO  Photon.SocketServer.Diagnostics.PerfCounterManagerBase - PerformanceCounter category 'Photon: Http Queue Counters' does not exists and will be created
2017-03-28 12:15:29,349 [1] INFO  Photon.SocketServer.Diagnostics.HttpQueuePerformanceCounters - HTTP Queue performance counters successfully initialized
2017-03-28 12:15:29,356 [1] INFO  Photon.SocketServer.Diagnostics.HttpQueuePerformanceCounters - Internal HTTP Queue performance counters successfully created
2017-03-28 12:15:29,502 [1] INFO  Photon.LoadBalancing.GameServer.GameApplication - TokenCreator intialized with an expiration of 02:46:40
2017-03-28 12:15:45,858 [1] WARN  Photon.Common.LoadBalancer.LoadShedding.WorkloadController - Did not find counter Business Logic Queue
2017-03-28 12:15:45,867 [1] WARN  Photon.Common.LoadBalancer.LoadShedding.WorkloadController - Did not find counter ENet Queue
2017-03-28 12:15:45,876 [1] WARN  Photon.Common.LoadBalancer.LoadShedding.WorkloadController - Did not find counter bytes in/sec
2017-03-28 12:15:45,891 [1] WARN  Photon.Common.LoadBalancer.LoadShedding.WorkloadController - Did not find counter bytes out/sec
2017-03-28 12:15:45,897 [1] WARN  Photon.Common.LoadBalancer.LoadShedding.WorkloadController - Did not find counter ENet Threads Processing
2017-03-28 12:15:45,903 [1] WARN  Photon.Common.LoadBalancer.LoadShedding.WorkloadController - Did not find counter ENet Threads Active
2017-03-28 12:15:45,910 [1] WARN  Photon.Common.LoadBalancer.LoadShedding.WorkloadController - Did not find counter Time Spent In Server: In (ms)
2017-03-28 12:15:45,921 [1] WARN  Photon.Common.LoadBalancer.LoadShedding.WorkloadController - Did not find counter Time Spent In Server: Out (ms)
2017-03-28 12:15:45,926 [1] WARN  Photon.Common.LoadBalancer.LoadShedding.WorkloadController - Did not find counter TCP: Disconnected Peers +/sec
2017-03-28 12:15:45,937 [1] WARN  Photon.Common.LoadBalancer.LoadShedding.WorkloadController - Did not find counter TCP: Disconnected Peers (C) +/sec
2017-03-28 12:15:45,946 [1] WARN  Photon.Common.LoadBalancer.LoadShedding.WorkloadController - Did not find counter TCP: Peers
2017-03-28 12:15:45,955 [1] WARN  Photon.Common.LoadBalancer.LoadShedding.WorkloadController - Did not find counter UDP: Disconnected Peers +/sec
2017-03-28 12:15:45,964 [1] WARN  Photon.Common.LoadBalancer.LoadShedding.WorkloadController - Did not find counter UDP: Disconnected Peers (C) +/sec
2017-03-28 12:15:45,970 [1] WARN  Photon.Common.LoadBalancer.LoadShedding.WorkloadController - Did not find counter UDP: Peers
2017-03-28 12:15:45,987 [1] WARN  Photon.Common.LoadBalancer.LoadShedding.FeedbackControlSystem - Could not initialize Feedback Control System from configuration: Invalid configuration file C:\Users\urbanlab\Desktop\vrsPORT\Photon Server\Photon-OnPremise-Server-SDK_v4-0-29-11263\deploy\Workload.config. Using default settings... (Le fichier 'C:\Users\urbanlab\Desktop\vrsPORT\Photon Server\Photon-OnPremise-Server-SDK_v4-0-29-11263\deploy\Workload.config' est introuvable.)
2017-03-28 12:15:46,004 [1] INFO  Photon.Common.LoadBalancer.ServerStateManager - Watching for application state file in C:\Users\urbanlab\Desktop\vrsPORT\Photon Server\Photon-OnPremise-Server-SDK_v4-0-29-11263\deploy\ServerState.txt
2017-03-28 12:15:46,012 [1] INFO  Photon.Common.LoadBalancer.ServerStateManager - Server state is set to online
2017-03-28 12:15:46,021 [1] INFO  Photon.LoadBalancing.GameServer.GameApplication - Initializing master server connection ...
2017-03-28 12:15:46,177 [1] INFO  Photon.LoadBalancing.GameServer.MasterServerConnectionBase - Connecting to master at 127.0.0.1:4520, serverId=c632f513-af7a-4ad6-8c68-cd6decd1a9d1
2017-03-28 12:15:46,204 [1] INFO  Photon.SocketServer.ApplicationBase - Application start: AppId=Game; AppPath=C:\Users\urbanlab\Desktop\vrsPORT\Photon Server\Photon-OnPremise-Server-SDK_v4-0-29-11263\deploy\LoadBalancing\GameServer, Type=Photon.LoadBalancing.GameServer.GameApplication 
2017-03-28 12:15:46,220 [1] INFO  Photon.SocketServer.Diagnostics.CounterPublisher - CounterPublisher started publishing ExitGames.Diagnostics.Monitoring.CounterSamplePublisher to ExitGames.Diagnostics.Monitoring.CounterSampleSender
2017-03-28 12:15:48,202 [10] INFO  Photon.Common.LoadBalancer.LoadShedding.FeedbackController - Transit CpuUsage from Lowest to Normal with input 50
2017-03-28 12:15:48,207 [10] INFO  Photon.Common.LoadBalancer.LoadShedding.WorkloadController - FeedbackLevel changed: old=Lowest, new=Normal
2017-03-28 12:15:50,809 [13] INFO  Photon.Common.LoadBalancer.LoadShedding.FeedbackController - Transit CpuUsage from Normal to High with input 75
2017-03-28 12:15:50,826 [13] INFO  Photon.Common.LoadBalancer.LoadShedding.WorkloadController - FeedbackLevel changed: old=Normal, new=High
2017-03-28 12:16:06,254 [15] INFO  Photon.LoadBalancing.GameServer.MasterServerConnectionBase - Master connection established: address:127.0.0.1
2017-03-28 12:16:06,307 [15] INFO  Photon.Common.LoadBalancer.ServerStateManager - Server state is set to online
2017-03-28 12:16:06,452 [15] INFO  Photon.LoadBalancing.GameServer.OutgoingMasterServerPeer - Registering game server with address 192.168.81.11, TCP 4531, UDP 5056, WebSocket 9091, Secure WebSocket 19091, HTTP 80, ServerID c632f513-af7a-4ad6-8c68-cd6decd1a9d1, Hostname localhost, IPv6Address 
2017-03-28 12:16:06,738 [15] INFO  Photon.LoadBalancing.GameServer.OutgoingMasterServerPeer - Successfully registered at master server: serverId=c632f513-af7a-4ad6-8c68-cd6decd1a9d1
2017-03-28 12:16:07,167 [14] INFO  Photon.Common.LoadBalancer.LoadShedding.FeedbackController - Transit CpuUsage from High to Highest with input 90
2017-03-28 12:16:07,194 [14] INFO  Photon.Common.LoadBalancer.LoadShedding.WorkloadController - FeedbackLevel changed: old=High, new=Highest
2017-03-28 12:20:40,707 [23] INFO  Photon.Common.LoadBalancer.LoadShedding.FeedbackController - Transit CpuUsage from Highest to Normal with input 50
2017-03-28 12:20:40,732 [23] INFO  Photon.Common.LoadBalancer.LoadShedding.WorkloadController - FeedbackLevel changed: old=Highest, new=Normal
2017-03-28 12:22:11,239 [19] INFO  Photon.Common.LoadBalancer.LoadShedding.FeedbackController - Transit CpuUsage from Normal to Low with input 35
2017-03-28 12:22:11,246 [19] INFO  Photon.Common.LoadBalancer.LoadShedding.WorkloadController - FeedbackLevel changed: old=Normal, new=Low
2017-03-28 12:22:39,131 [21] INFO  Photon.Common.LoadBalancer.LoadShedding.FeedbackController - Transit CpuUsage from Low to Normal with input 50
2017-03-28 12:22:39,141 [21] INFO  Photon.Common.LoadBalancer.LoadShedding.WorkloadController - FeedbackLevel changed: old=Low, new=Normal
2017-03-28 12:23:19,475 [19] INFO  Photon.Common.LoadBalancer.LoadShedding.FeedbackController - Transit CpuUsage from Normal to High with input 70
2017-03-28 12:23:19,512 [19] INFO  Photon.Common.LoadBalancer.LoadShedding.WorkloadController - FeedbackLevel changed: old=Normal, new=High
2017-03-28 12:23:52,805 [23] INFO  Photon.Common.LoadBalancer.LoadShedding.FeedbackController - Transit CpuUsage from High to Highest with input 90
2017-03-28 12:23:52,862 [23] INFO  Photon.Common.LoadBalancer.LoadShedding.WorkloadController - FeedbackLevel changed: old=High, new=Highest
2017-03-28 12:32:03,786 [24] INFO  Photon.Common.LoadBalancer.LoadShedding.FeedbackController - Transit CpuUsage from Highest to Normal with input 50
2017-03-28 12:32:03,792 [24] INFO  Photon.Common.LoadBalancer.LoadShedding.WorkloadController - FeedbackLevel changed: old=Highest, new=Normal
2017-03-28 12:32:40,648 [14] INFO  Photon.Common.LoadBalancer.LoadShedding.FeedbackController - Transit CpuUsage from Normal to Low with input 35
2017-03-28 12:32:40,654 [14] INFO  Photon.Common.LoadBalancer.LoadShedding.WorkloadController - FeedbackLevel changed: old=Normal, new=Low
2017-03-28 12:33:08,928 [4] INFO  Photon.Common.LoadBalancer.LoadShedding.FeedbackController - Transit CpuUsage from Low to Normal with input 50
2017-03-28 12:33:08,935 [4] INFO  Photon.Common.LoadBalancer.LoadShedding.WorkloadController - FeedbackLevel changed: old=Low, new=Normal
2017-03-28 12:33:32,478 [4] INFO  Photon.Common.LoadBalancer.LoadShedding.FeedbackController - Transit CpuUsage from Normal to High with input 70
2017-03-28 12:33:32,484 [4] INFO  Photon.Common.LoadBalancer.LoadShedding.WorkloadController - FeedbackLevel changed: old=Normal, new=High
2017-03-28 12:34:01,233 [21] INFO  Photon.Common.LoadBalancer.LoadShedding.FeedbackController - Transit CpuUsage from High to Highest with input 90
2017-03-28 12:34:01,258 [21] INFO  Photon.Common.LoadBalancer.LoadShedding.WorkloadController - FeedbackLevel changed: old=High, new=Highest
2017-03-28 12:35:05,772 [23] INFO  Photon.Common.LoadBalancer.LoadShedding.FeedbackController - Transit CpuUsage from Highest to Normal with input 50
2017-03-28 12:35:05,777 [23] INFO  Photon.Common.LoadBalancer.LoadShedding.WorkloadController - FeedbackLevel changed: old=Highest, new=Normal
2017-03-28 12:35:22,866 [27] INFO  Photon.Common.LoadBalancer.LoadShedding.FeedbackController - Transit CpuUsage from Normal to Low with input 35
2017-03-28 12:35:22,872 [27] INFO  Photon.Common.LoadBalancer.LoadShedding.WorkloadController - FeedbackLevel changed: old=Normal, new=Low
2017-03-28 12:35:42,005 [20] INFO  Photon.Common.LoadBalancer.LoadShedding.FeedbackController - Transit CpuUsage from Low to Lowest with input 20
2017-03-28 12:35:42,011 [20] INFO  Photon.Common.LoadBalancer.LoadShedding.WorkloadController - FeedbackLevel changed: old=Low, new=Lowest
2017-03-28 17:04:45,396 [29] INFO  Photon.Common.LoadBalancer.LoadShedding.FeedbackController - Transit CpuUsage from Lowest to Low with input 35
2017-03-28 17:04:45,401 [29] INFO  Photon.Common.LoadBalancer.LoadShedding.WorkloadController - FeedbackLevel changed: old=Lowest, new=Low
2017-03-28 17:07:30,552 [6] INFO  Photon.Common.LoadBalancer.LoadShedding.FeedbackController - Transit CpuUsage from Low to Normal with input 50
2017-03-28 17:07:30,593 [6] INFO  Photon.Common.LoadBalancer.LoadShedding.WorkloadController - FeedbackLevel changed: old=Low, new=Normal
2017-03-28 17:07:57,603 [6] INFO  Photon.Common.LoadBalancer.LoadShedding.FeedbackController - Transit CpuUsage from Normal to High with input 70
2017-03-28 17:07:57,610 [6] INFO  Photon.Common.LoadBalancer.LoadShedding.WorkloadController - FeedbackLevel changed: old=Normal, new=High
2017-03-28 17:08:25,416 [29] INFO  Photon.Common.LoadBalancer.LoadShedding.FeedbackController - Transit CpuUsage from High to Highest with input 90
2017-03-28 17:08:25,472 [29] INFO  Photon.Common.LoadBalancer.LoadShedding.WorkloadController - FeedbackLevel changed: old=High, new=Highest
2017-03-28 17:12:30,707 [25] INFO  Photon.Common.LoadBalancer.LoadShedding.FeedbackController - Transit CpuUsage from Highest to Normal with input 50
2017-03-28 17:12:30,713 [25] INFO  Photon.Common.LoadBalancer.LoadShedding.WorkloadController - FeedbackLevel changed: old=Highest, new=Normal
2017-03-28 17:12:51,863 [19] INFO  Photon.Common.LoadBalancer.LoadShedding.FeedbackController - Transit CpuUsage from Normal to Low with input 35
2017-03-28 17:12:51,869 [19] INFO  Photon.Common.LoadBalancer.LoadShedding.WorkloadController - FeedbackLevel changed: old=Normal, new=Low
2017-03-28 17:13:46,227 [27] INFO  Photon.Common.LoadBalancer.LoadShedding.FeedbackController - Transit CpuUsage from Low to Lowest with input 20
2017-03-28 17:13:46,233 [27] INFO  Photon.Common.LoadBalancer.LoadShedding.WorkloadController - FeedbackLevel changed: old=Low, new=Lowest
2017-03-28 17:19:04,223 [6] INFO  Photon.Common.LoadBalancer.LoadShedding.FeedbackController - Transit CpuUsage from Lowest to Low with input 35
2017-03-28 17:19:04,230 [6] INFO  Photon.Common.LoadBalancer.LoadShedding.WorkloadController - FeedbackLevel changed: old=Lowest, new=Low
2017-03-28 17:45:14,834 [27] INFO  Photon.Common.LoadBalancer.LoadShedding.FeedbackController - Transit CpuUsage from Low to Lowest with input 20
2017-03-28 17:45:14,840 [27] INFO  Photon.Common.LoadBalancer.LoadShedding.WorkloadController - FeedbackLevel changed: old=Low, new=Lowest
2017-03-30 14:24:03,460 [14] INFO  Photon.Common.LoadBalancer.LoadShedding.FeedbackController - Transit CpuUsage from Lowest to Low with input 35
2017-03-30 14:24:03,468 [14] INFO  Photon.Common.LoadBalancer.LoadShedding.WorkloadController - FeedbackLevel changed: old=Lowest, new=Low
2017-03-30 14:29:43,534 [14] INFO  Photon.Common.LoadBalancer.LoadShedding.FeedbackController - Transit CpuUsage from Low to Lowest with input 20
2017-03-30 14:29:43,542 [14] INFO  Photon.Common.LoadBalancer.LoadShedding.WorkloadController - FeedbackLevel changed: old=Low, new=Lowest
2017-03-30 14:31:31,146 [19] INFO  Photon.Common.LoadBalancer.LoadShedding.FeedbackController - Transit CpuUsage from Lowest to Low with input 35
2017-03-30 14:31:31,157 [19] INFO  Photon.Common.LoadBalancer.LoadShedding.WorkloadController - FeedbackLevel changed: old=Lowest, new=Low
2017-03-30 14:34:38,207 [19] INFO  Photon.Common.LoadBalancer.LoadShedding.FeedbackController - Transit CpuUsage from Low to Normal with input 50
2017-03-30 14:34:38,217 [19] INFO  Photon.Common.LoadBalancer.LoadShedding.WorkloadController - FeedbackLevel changed: old=Low, new=Normal
2017-03-30 15:01:47,284 [19] INFO  Photon.Common.LoadBalancer.LoadShedding.FeedbackController - Transit CpuUsage from Normal to Low with input 35
2017-03-30 15:01:47,292 [19] INFO  Photon.Common.LoadBalancer.LoadShedding.WorkloadController - FeedbackLevel changed: old=Normal, new=Low
2017-03-30 15:02:22,441 [4] INFO  Photon.Common.LoadBalancer.LoadShedding.FeedbackController - Transit CpuUsage from Low to Lowest with input 20
2017-03-30 15:02:22,447 [4] INFO  Photon.Common.LoadBalancer.LoadShedding.WorkloadController - FeedbackLevel changed: old=Low, new=Lowest
2017-03-30 15:04:21,240 [21] INFO  Photon.Common.LoadBalancer.LoadShedding.FeedbackController - Transit CpuUsage from Lowest to Low with input 35
2017-03-30 15:04:21,246 [21] INFO  Photon.Common.LoadBalancer.LoadShedding.WorkloadController - FeedbackLevel changed: old=Lowest, new=Low
2017-03-30 15:05:33,794 [29] INFO  Photon.Common.LoadBalancer.LoadShedding.FeedbackController - Transit CpuUsage from Low to Normal with input 50
2017-03-30 15:05:33,804 [29] INFO  Photon.Common.LoadBalancer.LoadShedding.WorkloadController - FeedbackLevel changed: old=Low, new=Normal
2017-03-30 15:10:47,613 [19] INFO  Photon.Common.LoadBalancer.LoadShedding.FeedbackController - Transit CpuUsage from Normal to Low with input 35
2017-03-30 15:10:47,621 [19] INFO  Photon.Common.LoadBalancer.LoadShedding.WorkloadController - FeedbackLevel changed: old=Normal, new=Low
2017-03-30 15:11:23,865 [25] INFO  Photon.Common.LoadBalancer.LoadShedding.FeedbackController - Transit CpuUsage from Low to Lowest with input 20
2017-03-30 15:11:23,870 [25] INFO  Photon.Common.LoadBalancer.LoadShedding.WorkloadController - FeedbackLevel changed: old=Low, new=Lowest
2017-03-30 15:13:12,409 [26] INFO  Photon.Common.LoadBalancer.LoadShedding.FeedbackController - Transit CpuUsage from Lowest to Low with input 35
2017-03-30 15:13:12,418 [26] INFO  Photon.Common.LoadBalancer.LoadShedding.WorkloadController - FeedbackLevel changed: old=Lowest, new=Low
2017-03-30 15:14:07,769 [26] INFO  Photon.Common.LoadBalancer.LoadShedding.FeedbackController - Transit CpuUsage from Low to Normal with input 50
2017-03-30 15:14:07,779 [26] INFO  Photon.Common.LoadBalancer.LoadShedding.WorkloadController - FeedbackLevel changed: old=Low, new=Normal
2017-03-30 15:35:26,599 [12] INFO  Photon.Common.LoadBalancer.LoadShedding.FeedbackController - Transit CpuUsage from Normal to Low with input 35
2017-03-30 15:35:26,606 [12] INFO  Photon.Common.LoadBalancer.LoadShedding.WorkloadController - FeedbackLevel changed: old=Normal, new=Low
2017-03-30 15:36:15,926 [11] INFO  Photon.Common.LoadBalancer.LoadShedding.FeedbackController - Transit CpuUsage from Low to Lowest with input 20
2017-03-30 15:36:15,934 [11] INFO  Photon.Common.LoadBalancer.LoadShedding.WorkloadController - FeedbackLevel changed: old=Low, new=Lowest
2017-03-30 15:37:21,365 [11] INFO  Photon.Common.LoadBalancer.LoadShedding.FeedbackController - Transit CpuUsage from Lowest to Low with input 35
2017-03-30 15:37:21,371 [11] INFO  Photon.Common.LoadBalancer.LoadShedding.WorkloadController - FeedbackLevel changed: old=Lowest, new=Low
2017-03-30 15:40:00,538 [10] INFO  Photon.Common.LoadBalancer.LoadShedding.FeedbackController - Transit CpuUsage from Low to Normal with input 50
2017-03-30 15:40:00,547 [10] INFO  Photon.Common.LoadBalancer.LoadShedding.WorkloadController - FeedbackLevel changed: old=Low, new=Normal
2017-03-30 15:53:21,911 [12] INFO  Photon.Common.LoadBalancer.LoadShedding.FeedbackController - Transit CpuUsage from Normal to Low with input 35
2017-03-30 15:53:21,920 [12] INFO  Photon.Common.LoadBalancer.LoadShedding.WorkloadController - FeedbackLevel changed: old=Normal, new=Low
2017-03-30 15:53:59,115 [20] INFO  Photon.Common.LoadBalancer.LoadShedding.FeedbackController - Transit CpuUsage from Low to Lowest with input 20
2017-03-30 15:53:59,121 [20] INFO  Photon.Common.LoadBalancer.LoadShedding.WorkloadController - FeedbackLevel changed: old=Low, new=Lowest
2017-03-30 15:58:41,802 [24] INFO  Photon.Common.LoadBalancer.LoadShedding.FeedbackController - Transit CpuUsage from Lowest to Low with input 35
2017-03-30 15:58:41,811 [24] INFO  Photon.Common.LoadBalancer.LoadShedding.WorkloadController - FeedbackLevel changed: old=Lowest, new=Low
2017-03-30 16:11:50,645 [25] INFO  Photon.Common.LoadBalancer.LoadShedding.FeedbackController - Transit CpuUsage from Low to Lowest with input 20
2017-03-30 16:11:50,654 [25] INFO  Photon.Common.LoadBalancer.LoadShedding.WorkloadController - FeedbackLevel changed: old=Low, new=Lowest
2017-03-30 18:52:59,514 [31] INFO  Photon.Common.LoadBalancer.LoadShedding.FeedbackController - Transit CpuUsage from Lowest to Low with input 35
2017-03-30 18:52:59,523 [31] INFO  Photon.Common.LoadBalancer.LoadShedding.WorkloadController - FeedbackLevel changed: old=Lowest, new=Low
2017-03-30 18:54:18,019 [12] INFO  Photon.Common.LoadBalancer.LoadShedding.FeedbackController - Transit CpuUsage from Low to Lowest with input 20
2017-03-30 18:54:18,026 [12] INFO  Photon.Common.LoadBalancer.LoadShedding.WorkloadController - FeedbackLevel changed: old=Low, new=Lowest
2017-03-31 10:24:05,936 [25] INFO  Photon.Common.LoadBalancer.LoadShedding.FeedbackController - Transit CpuUsage from Lowest to Low with input 35
2017-03-31 10:24:05,942 [25] INFO  Photon.Common.LoadBalancer.LoadShedding.WorkloadController - FeedbackLevel changed: old=Lowest, new=Low
2017-03-31 10:26:12,552 [22] INFO  Photon.Common.LoadBalancer.LoadShedding.FeedbackController - Transit CpuUsage from Low to Lowest with input 20
2017-03-31 10:26:12,558 [22] INFO  Photon.Common.LoadBalancer.LoadShedding.WorkloadController - FeedbackLevel changed: old=Low, new=Lowest
2017-03-31 10:31:10,270 [27] INFO  Photon.Common.LoadBalancer.LoadShedding.FeedbackController - Transit CpuUsage from Lowest to Low with input 35
2017-03-31 10:31:10,277 [27] INFO  Photon.Common.LoadBalancer.LoadShedding.WorkloadController - FeedbackLevel changed: old=Lowest, new=Low
2017-03-31 10:34:06,396 [23] INFO  Photon.Common.LoadBalancer.LoadShedding.FeedbackController - Transit CpuUsage from Low to Lowest with input 20
2017-03-31 10:34:06,402 [23] INFO  Photon.Common.LoadBalancer.LoadShedding.WorkloadController - FeedbackLevel changed: old=Low, new=Lowest
2017-03-31 12:36:28,473 [29] INFO  Photon.Common.LoadBalancer.LoadShedding.FeedbackController - Transit CpuUsage from Lowest to Low with input 35
2017-03-31 12:36:28,479 [29] INFO  Photon.Common.LoadBalancer.LoadShedding.WorkloadController - FeedbackLevel changed: old=Lowest, new=Low
2017-03-31 12:42:07,584 [10] INFO  Photon.Common.LoadBalancer.LoadShedding.FeedbackController - Transit CpuUsage from Low to Lowest with input 20
2017-03-31 12:42:07,590 [10] INFO  Photon.Common.LoadBalancer.LoadShedding.WorkloadController - FeedbackLevel changed: old=Low, new=Lowest
2017-03-31 12:50:28,622 [20] INFO  Photon.Common.LoadBalancer.LoadShedding.FeedbackController - Transit CpuUsage from Lowest to Low with input 35
2017-03-31 12:50:28,627 [20] INFO  Photon.Common.LoadBalancer.LoadShedding.WorkloadController - FeedbackLevel changed: old=Lowest, new=Low
2017-03-31 12:52:26,363 [11] INFO  Photon.Common.LoadBalancer.LoadShedding.FeedbackController - Transit CpuUsage from Low to Normal with input 50
2017-03-31 12:52:26,375 [11] INFO  Photon.Common.LoadBalancer.LoadShedding.WorkloadController - FeedbackLevel changed: old=Low, new=Normal
2017-03-31 12:53:36,801 [13] INFO  Photon.Common.LoadBalancer.LoadShedding.FeedbackController - Transit CpuUsage from Normal to Low with input 35
2017-03-31 12:53:36,806 [13] INFO  Photon.Common.LoadBalancer.LoadShedding.WorkloadController - FeedbackLevel changed: old=Normal, new=Low
2017-03-31 12:54:11,005 [22] INFO  Photon.Common.LoadBalancer.LoadShedding.FeedbackController - Transit CpuUsage from Low to Lowest with input 20
2017-03-31 12:54:11,011 [22] INFO  Photon.Common.LoadBalancer.LoadShedding.WorkloadController - FeedbackLevel changed: old=Low, new=Lowest
2017-03-31 12:58:05,271 [22] INFO  Photon.Common.LoadBalancer.LoadShedding.FeedbackController - Transit CpuUsage from Lowest to Low with input 35
2017-03-31 12:58:05,280 [22] INFO  Photon.Common.LoadBalancer.LoadShedding.WorkloadController - FeedbackLevel changed: old=Lowest, new=Low
2017-03-31 12:58:55,535 [6] INFO  Photon.Common.LoadBalancer.LoadShedding.FeedbackController - Transit CpuUsage from Low to Normal with input 50
2017-03-31 12:58:55,541 [6] INFO  Photon.Common.LoadBalancer.LoadShedding.WorkloadController - FeedbackLevel changed: old=Low, new=Normal
2017-03-31 13:03:19,225 [10] INFO  Photon.Common.LoadBalancer.LoadShedding.FeedbackController - Transit CpuUsage from Normal to Low with input 35
2017-03-31 13:03:19,231 [10] INFO  Photon.Common.LoadBalancer.LoadShedding.WorkloadController - FeedbackLevel changed: old=Normal, new=Low
2017-03-31 13:04:02,472 [28] INFO  Photon.Common.LoadBalancer.LoadShedding.FeedbackController - Transit CpuUsage from Low to Lowest with input 20
2017-03-31 13:04:02,477 [28] INFO  Photon.Common.LoadBalancer.LoadShedding.WorkloadController - FeedbackLevel changed: old=Low, new=Lowest
2017-03-31 13:06:33,363 [20] INFO  Photon.Common.LoadBalancer.LoadShedding.FeedbackController - Transit CpuUsage from Lowest to Low with input 35
2017-03-31 13:06:33,375 [20] INFO  Photon.Common.LoadBalancer.LoadShedding.WorkloadController - FeedbackLevel changed: old=Lowest, new=Low
2017-03-31 13:07:14,599 [28] INFO  Photon.Common.LoadBalancer.LoadShedding.FeedbackController - Transit CpuUsage from Low to Normal with input 50
2017-03-31 13:07:14,606 [28] INFO  Photon.Common.LoadBalancer.LoadShedding.WorkloadController - FeedbackLevel changed: old=Low, new=Normal
2017-03-31 13:24:19,160 [6] INFO  Photon.Common.LoadBalancer.LoadShedding.FeedbackController - Transit CpuUsage from Normal to Low with input 35
2017-03-31 13:24:19,167 [6] INFO  Photon.Common.LoadBalancer.LoadShedding.WorkloadController - FeedbackLevel changed: old=Normal, new=Low
2017-03-31 13:24:58,396 [27] INFO  Photon.Common.LoadBalancer.LoadShedding.FeedbackController - Transit CpuUsage from Low to Lowest with input 20
2017-03-31 13:24:58,401 [27] INFO  Photon.Common.LoadBalancer.LoadShedding.WorkloadController - FeedbackLevel changed: old=Low, new=Lowest
2017-03-31 13:26:13,865 [23] INFO  Photon.Common.LoadBalancer.LoadShedding.FeedbackController - Transit CpuUsage from Lowest to Low with input 35
2017-03-31 13:26:13,874 [23] INFO  Photon.Common.LoadBalancer.LoadShedding.WorkloadController - FeedbackLevel changed: old=Lowest, new=Low
2017-03-31 13:26:52,100 [6] INFO  Photon.Common.LoadBalancer.LoadShedding.FeedbackController - Transit CpuUsage from Low to Normal with input 50
2017-03-31 13:26:52,109 [6] INFO  Photon.Common.LoadBalancer.LoadShedding.WorkloadController - FeedbackLevel changed: old=Low, new=Normal
2017-03-31 13:39:58,036 [13] INFO  Photon.Common.LoadBalancer.LoadShedding.FeedbackController - Transit CpuUsage from Normal to Low with input 35
2017-03-31 13:39:58,042 [13] INFO  Photon.Common.LoadBalancer.LoadShedding.WorkloadController - FeedbackLevel changed: old=Normal, new=Low
2017-03-31 13:40:35,240 [20] INFO  Photon.Common.LoadBalancer.LoadShedding.FeedbackController - Transit CpuUsage from Low to Lowest with input 20
2017-03-31 13:40:35,246 [20] INFO  Photon.Common.LoadBalancer.LoadShedding.WorkloadController - FeedbackLevel changed: old=Low, new=Lowest
2017-03-31 14:26:54,962 [6] INFO  Photon.Common.LoadBalancer.LoadShedding.FeedbackController - Transit CpuUsage from Lowest to Low with input 35
2017-03-31 14:26:54,970 [6] INFO  Photon.Common.LoadBalancer.LoadShedding.WorkloadController - FeedbackLevel changed: old=Lowest, new=Low
2017-03-31 14:27:37,207 [6] INFO  Photon.Common.LoadBalancer.LoadShedding.FeedbackController - Transit CpuUsage from Low to Normal with input 50
2017-03-31 14:27:37,216 [6] INFO  Photon.Common.LoadBalancer.LoadShedding.WorkloadController - FeedbackLevel changed: old=Low, new=Normal
2017-03-31 14:35:21,984 [23] INFO  Photon.Common.LoadBalancer.LoadShedding.FeedbackController - Transit CpuUsage from Normal to Low with input 35
2017-03-31 14:35:21,990 [23] INFO  Photon.Common.LoadBalancer.LoadShedding.WorkloadController - FeedbackLevel changed: old=Normal, new=Low
2017-03-31 14:36:01,177 [13] INFO  Photon.Common.LoadBalancer.LoadShedding.FeedbackController - Transit CpuUsage from Low to Lowest with input 20
2017-03-31 14:36:01,183 [13] INFO  Photon.Common.LoadBalancer.LoadShedding.WorkloadController - FeedbackLevel changed: old=Low, new=Lowest
2017-03-31 14:38:35,104 [10] INFO  Photon.Common.LoadBalancer.LoadShedding.FeedbackController - Transit CpuUsage from Lowest to Low with input 35
2017-03-31 14:38:35,109 [10] INFO  Photon.Common.LoadBalancer.LoadShedding.WorkloadController - FeedbackLevel changed: old=Lowest, new=Low
2017-03-31 14:40:55,991 [23] INFO  Photon.Common.LoadBalancer.LoadShedding.FeedbackController - Transit CpuUsage from Low to Normal with input 50
2017-03-31 14:40:55,999 [23] INFO  Photon.Common.LoadBalancer.LoadShedding.WorkloadController - FeedbackLevel changed: old=Low, new=Normal
2017-03-31 14:47:59,756 [10] INFO  Photon.Common.LoadBalancer.LoadShedding.FeedbackController - Transit CpuUsage from Normal to Low with input 35
2017-03-31 14:47:59,761 [10] INFO  Photon.Common.LoadBalancer.LoadShedding.WorkloadController - FeedbackLevel changed: old=Normal, new=Low
2017-03-31 14:48:40,035 [28] INFO  Photon.Common.LoadBalancer.LoadShedding.FeedbackController - Transit CpuUsage from Low to Lowest with input 20
2017-03-31 14:48:40,040 [28] INFO  Photon.Common.LoadBalancer.LoadShedding.WorkloadController - FeedbackLevel changed: old=Low, new=Lowest
2017-03-31 15:01:11,347 [16] INFO  Photon.Common.LoadBalancer.LoadShedding.FeedbackController - Transit CpuUsage from Lowest to Low with input 35
2017-03-31 15:01:11,356 [16] INFO  Photon.Common.LoadBalancer.LoadShedding.WorkloadController - FeedbackLevel changed: old=Lowest, new=Low
2017-03-31 15:02:10,807 [6] INFO  Photon.Common.LoadBalancer.LoadShedding.FeedbackController - Transit CpuUsage from Low to Normal with input 50
2017-03-31 15:02:10,813 [6] INFO  Photon.Common.LoadBalancer.LoadShedding.WorkloadController - FeedbackLevel changed: old=Low, new=Normal
2017-03-31 15:13:04,644 [10] INFO  Photon.Common.LoadBalancer.LoadShedding.FeedbackController - Transit CpuUsage from Normal to Low with input 35
2017-03-31 15:13:04,650 [10] INFO  Photon.Common.LoadBalancer.LoadShedding.WorkloadController - FeedbackLevel changed: old=Normal, new=Low
2017-03-31 15:23:44,833 [6] INFO  Photon.Common.LoadBalancer.LoadShedding.FeedbackController - Transit CpuUsage from Low to Normal with input 50
2017-03-31 15:23:44,841 [6] INFO  Photon.Common.LoadBalancer.LoadShedding.WorkloadController - FeedbackLevel changed: old=Low, new=Normal
2017-03-31 15:26:37,941 [28] INFO  Photon.Common.LoadBalancer.LoadShedding.FeedbackController - Transit CpuUsage from Normal to Low with input 35
2017-03-31 15:26:37,947 [28] INFO  Photon.Common.LoadBalancer.LoadShedding.WorkloadController - FeedbackLevel changed: old=Normal, new=Low
2017-03-31 15:27:29,238 [16] INFO  Photon.Common.LoadBalancer.LoadShedding.FeedbackController - Transit CpuUsage from Low to Lowest with input 20
2017-03-31 15:27:29,244 [16] INFO  Photon.Common.LoadBalancer.LoadShedding.WorkloadController - FeedbackLevel changed: old=Low, new=Lowest
2017-03-31 15:31:44,989 [23] INFO  Photon.Common.LoadBalancer.LoadShedding.FeedbackController - Transit CpuUsage from Lowest to Low with input 35
2017-03-31 15:31:45,000 [23] INFO  Photon.Common.LoadBalancer.LoadShedding.WorkloadController - FeedbackLevel changed: old=Lowest, new=Low
2017-03-31 15:35:22,130 [20] INFO  Photon.Common.LoadBalancer.LoadShedding.FeedbackController - Transit CpuUsage from Low to Lowest with input 20
2017-03-31 15:35:22,136 [20] INFO  Photon.Common.LoadBalancer.LoadShedding.WorkloadController - FeedbackLevel changed: old=Low, new=Lowest
2017-03-31 15:37:57,067 [16] INFO  Photon.Common.LoadBalancer.LoadShedding.FeedbackController - Transit CpuUsage from Lowest to Low with input 35
2017-03-31 15:37:57,075 [16] INFO  Photon.Common.LoadBalancer.LoadShedding.WorkloadController - FeedbackLevel changed: old=Lowest, new=Low
2017-03-31 15:43:31,067 [4] INFO  Photon.Common.LoadBalancer.LoadShedding.FeedbackController - Transit CpuUsage from Low to Lowest with input 20
2017-03-31 15:43:31,074 [4] INFO  Photon.Common.LoadBalancer.LoadShedding.WorkloadController - FeedbackLevel changed: old=Low, new=Lowest
2017-03-31 16:08:04,317 [21] INFO  Photon.Common.LoadBalancer.LoadShedding.FeedbackController - Transit CpuUsage from Lowest to Low with input 35
2017-03-31 16:08:04,325 [21] INFO  Photon.Common.LoadBalancer.LoadShedding.WorkloadController - FeedbackLevel changed: old=Lowest, new=Low
2017-03-31 16:08:54,678 [25] INFO  Photon.Common.LoadBalancer.LoadShedding.FeedbackController - Transit CpuUsage from Low to Normal with input 50
2017-03-31 16:08:54,687 [25] INFO  Photon.Common.LoadBalancer.LoadShedding.WorkloadController - FeedbackLevel changed: old=Low, new=Normal
2017-03-31 16:23:20,003 [23] INFO  Photon.Common.LoadBalancer.LoadShedding.FeedbackController - Transit CpuUsage from Normal to Low with input 35
2017-03-31 16:23:20,009 [23] INFO  Photon.Common.LoadBalancer.LoadShedding.WorkloadController - FeedbackLevel changed: old=Normal, new=Low
2017-03-31 16:23:54,160 [22] INFO  Photon.Common.LoadBalancer.LoadShedding.FeedbackController - Transit CpuUsage from Low to Lowest with input 20
2017-03-31 16:23:54,166 [22] INFO  Photon.Common.LoadBalancer.LoadShedding.WorkloadController - FeedbackLevel changed: old=Low, new=Lowest
2017-03-31 16:38:14,585 [25] INFO  Photon.Common.LoadBalancer.LoadShedding.FeedbackController - Transit CpuUsage from Lowest to Low with input 35
2017-03-31 16:38:14,593 [25] INFO  Photon.Common.LoadBalancer.LoadShedding.WorkloadController - FeedbackLevel changed: old=Lowest, new=Low
2017-03-31 17:05:00,364 [20] INFO  Photon.Common.LoadBalancer.LoadShedding.FeedbackController - Transit CpuUsage from Low to Lowest with input 20
2017-03-31 17:05:00,372 [20] INFO  Photon.Common.LoadBalancer.LoadShedding.WorkloadController - FeedbackLevel changed: old=Low, new=Lowest
2017-03-31 17:22:44,517 [28] INFO  Photon.Common.LoadBalancer.LoadShedding.FeedbackController - Transit CpuUsage from Lowest to Low with input 35
2017-03-31 17:22:44,525 [28] INFO  Photon.Common.LoadBalancer.LoadShedding.WorkloadController - FeedbackLevel changed: old=Lowest, new=Low
2017-03-31 17:49:39,176 [20] INFO  Photon.Common.LoadBalancer.LoadShedding.FeedbackController - Transit CpuUsage from Low to Lowest with input 20
2017-03-31 17:49:39,183 [20] INFO  Photon.Common.LoadBalancer.LoadShedding.WorkloadController - FeedbackLevel changed: old=Low, new=Lowest
2017-03-31 18:24:50,679 [28] INFO  Photon.Common.LoadBalancer.LoadShedding.FeedbackController - Transit CpuUsage from Lowest to Low with input 35
2017-03-31 18:24:50,689 [28] INFO  Photon.Common.LoadBalancer.LoadShedding.WorkloadController - FeedbackLevel changed: old=Lowest, new=Low
2017-03-31 19:04:52,442 [13] INFO  Photon.Common.LoadBalancer.LoadShedding.FeedbackController - Transit CpuUsage from Low to Lowest with input 20
2017-03-31 19:04:52,449 [13] INFO  Photon.Common.LoadBalancer.LoadShedding.WorkloadController - FeedbackLevel changed: old=Low, new=Lowest
2017-03-31 19:16:56,066 [14] INFO  Photon.Common.LoadBalancer.LoadShedding.FeedbackController - Transit CpuUsage from Lowest to Low with input 35
2017-03-31 19:16:56,075 [14] INFO  Photon.Common.LoadBalancer.LoadShedding.WorkloadController - FeedbackLevel changed: old=Lowest, new=Low
2017-03-31 19:24:55,771 [10] INFO  Photon.Common.LoadBalancer.LoadShedding.FeedbackController - Transit CpuUsage from Low to Lowest with input 20
2017-03-31 19:24:55,780 [10] INFO  Photon.Common.LoadBalancer.LoadShedding.WorkloadController - FeedbackLevel changed: old=Low, new=Lowest
2017-03-31 19:35:48,884 [11] INFO  Photon.Common.LoadBalancer.LoadShedding.FeedbackController - Transit CpuUsage from Lowest to Low with input 35
2017-03-31 19:35:48,892 [11] INFO  Photon.Common.LoadBalancer.LoadShedding.WorkloadController - FeedbackLevel changed: old=Lowest, new=Low
2017-03-31 19:41:14,021 [11] INFO  Photon.Common.LoadBalancer.LoadShedding.FeedbackController - Transit CpuUsage from Low to Normal with input 50
2017-03-31 19:41:14,028 [11] INFO  Photon.Common.LoadBalancer.LoadShedding.WorkloadController - FeedbackLevel changed: old=Low, new=Normal
2017-03-31 19:49:16,489 [27] INFO  Photon.Common.LoadBalancer.LoadShedding.FeedbackController - Transit CpuUsage from Normal to Low with input 35
2017-03-31 19:49:16,495 [27] INFO  Photon.Common.LoadBalancer.LoadShedding.WorkloadController - FeedbackLevel changed: old=Normal, new=Low
2017-03-31 20:01:32,880 [6] INFO  Photon.Common.LoadBalancer.LoadShedding.FeedbackController - Transit CpuUsage from Low to Lowest with input 20
2017-03-31 20:01:32,886 [6] INFO  Photon.Common.LoadBalancer.LoadShedding.WorkloadController - FeedbackLevel changed: old=Low, new=Lowest
2017-03-31 20:03:35,569 [4] INFO  Photon.Common.LoadBalancer.LoadShedding.FeedbackController - Transit CpuUsage from Lowest to Low with input 35
2017-03-31 20:03:35,578 [4] INFO  Photon.Common.LoadBalancer.LoadShedding.WorkloadController - FeedbackLevel changed: old=Lowest, new=Low
